{"level":"info","message":"⌛ Validating src/gimnasia.wlk","timeElapsed":115,"timestamp":"2025-10-29T13:13:20.363Z"}
{"level":"info","message":"⌛ Building environment","timeElapsed":134,"timestamp":"2025-10-29T13:13:20.501Z"}
{"level":"info","message":"⌛ Validating src/gimnasia.wlk","timeElapsed":111,"timestamp":"2025-10-29T13:13:20.614Z"}
{"level":"info","message":"⌛ Building environment","timeElapsed":104,"timestamp":"2025-10-29T13:13:21.027Z"}
{"level":"info","message":"⌛ Validating src/gimnasia.wlk","timeElapsed":117,"timestamp":"2025-10-29T13:13:21.145Z"}
{"level":"info","message":"⌛ Building environment","timeElapsed":103,"timestamp":"2025-10-29T13:13:21.262Z"}
{"level":"info","message":"⌛ Validating src/gimnasia.wlk","timeElapsed":164,"timestamp":"2025-10-29T13:13:21.427Z"}
{"level":"info","message":"⌛ Building environment","timeElapsed":130,"timestamp":"2025-10-29T13:13:21.558Z"}
{"level":"info","message":"⌛ Building environment","timeElapsed":128,"timestamp":"2025-10-29T13:13:21.687Z"}
{"level":"info","message":"⌛ Building environment","timeElapsed":104,"timestamp":"2025-10-29T13:13:21.793Z"}
{"level":"info","message":"⌛ Validating src/gimnasia.wlk","timeElapsed":116,"timestamp":"2025-10-29T13:13:21.910Z"}
{"level":"info","message":"⌛ Validating src/gimnasia.wlk","timeElapsed":102,"timestamp":"2025-10-29T13:13:22.112Z"}
{"level":"info","message":"⌛ Validating src/gimnasia.wlk","timeElapsed":106,"timestamp":"2025-10-29T13:13:22.292Z"}
{"level":"info","message":"⌛ Validating src/gimnasia.wlk","timeElapsed":114,"timestamp":"2025-10-29T13:13:22.503Z"}
{"level":"info","message":"⌛ Validating src/gimnasia.wlk","timeElapsed":112,"timestamp":"2025-10-29T13:13:22.693Z"}
{"level":"info","message":"⌛ Validating src/gimnasia.wlk","timeElapsed":101,"timestamp":"2025-10-29T13:13:23.256Z"}
{"level":"info","message":"⌛ Validating src/gimnasia.wlk","timeElapsed":109,"timestamp":"2025-10-29T13:13:23.538Z"}
{"level":"info","message":"⌛ Building environment","timeElapsed":108,"timestamp":"2025-10-29T13:13:23.647Z"}
{"level":"info","message":"⌛ Validating src/gimnasia.wlk","timeElapsed":121,"timestamp":"2025-10-29T13:13:23.769Z"}
{"level":"info","message":"⌛ Validating src/gimnasia.wlk","timeElapsed":105,"timestamp":"2025-10-29T13:13:24.061Z"}
{"level":"info","message":"⌛ Validating src/gimnasia.wlk","timeElapsed":127,"timestamp":"2025-10-29T13:13:24.230Z"}
{"level":"info","message":"⌛ Validating src/gimnasia.wlk","timeElapsed":112,"timestamp":"2025-10-29T13:13:24.539Z"}
{"level":"info","message":"⌛ Validating src/gimnasia.wlk","timeElapsed":101,"timestamp":"2025-10-29T13:13:24.653Z"}
{"level":"info","message":"⌛ Validating src/gimnasia.wlk","timeElapsed":104,"timestamp":"2025-10-29T13:13:24.928Z"}
{"level":"info","message":"⌛ Validating src/gimnasia.wlk","timeElapsed":103,"timestamp":"2025-10-29T13:13:25.038Z"}
{"level":"info","message":"⌛ Building environment","timeElapsed":106,"timestamp":"2025-10-29T13:13:25.334Z"}
{"level":"info","message":"⌛ Validating src/gimnasia.wlk","timeElapsed":102,"timestamp":"2025-10-29T13:13:25.437Z"}
{"level":"info","message":"⌛ Validating src/gimnasia.wlk","timeElapsed":106,"timestamp":"2025-10-29T13:13:25.633Z"}
{"level":"info","message":"⌛ Building environment","timeElapsed":128,"timestamp":"2025-10-29T13:13:25.762Z"}
{"level":"info","message":"⌛ Validating src/gimnasia.wlk","timeElapsed":101,"timestamp":"2025-10-29T13:13:25.862Z"}
{"level":"info","message":"⌛ Validating src/gimnasia.wlk","timeElapsed":106,"timestamp":"2025-10-29T13:13:26.133Z"}
{"level":"info","message":"⌛ Validating src/gimnasia.wlk","timeElapsed":126,"timestamp":"2025-10-29T13:13:26.338Z"}
{"level":"info","message":"⌛ Validating src/gimnasia.wlk","timeElapsed":102,"timestamp":"2025-10-29T13:13:26.525Z"}
{"level":"info","message":"⌛ Validating src/gimnasia.wlk","timeElapsed":119,"timestamp":"2025-10-29T13:13:26.744Z"}
{"level":"info","message":"⌛ Building environment","timeElapsed":104,"timestamp":"2025-10-29T13:13:26.849Z"}
{"level":"info","message":"⌛ Validating src/gimnasia.wlk","timeElapsed":108,"timestamp":"2025-10-29T13:13:27.055Z"}
{"level":"info","message":"⌛ Validating src/gimnasia.wlk","timeElapsed":112,"timestamp":"2025-10-29T13:13:27.246Z"}
{"level":"info","message":"⌛ Validating src/gimnasia.wlk","timeElapsed":113,"timestamp":"2025-10-29T13:13:27.449Z"}
{"level":"info","message":"⌛ Validating src/gimnasia.wlk","timeElapsed":124,"timestamp":"2025-10-29T13:13:28.294Z"}
{"level":"info","message":"⌛ Building environment","timeElapsed":101,"timestamp":"2025-10-29T13:13:31.048Z"}
{"level":"info","message":"⌛ Building environment","timeElapsed":153,"timestamp":"2025-10-29T13:14:03.072Z"}
{"level":"info","message":"⌛ Validating src/gimnasia.wlk","timeElapsed":127,"timestamp":"2025-10-29T13:14:03.200Z"}
{"level":"info","message":"⌛ Building environment","timeElapsed":104,"timestamp":"2025-10-29T13:14:03.305Z"}
{"level":"info","message":"⌛ Validating src/gimnasia.wlk","timeElapsed":114,"timestamp":"2025-10-29T13:14:03.422Z"}
{"level":"info","message":"⌛ Building environment","timeElapsed":108,"timestamp":"2025-10-29T13:14:03.626Z"}
{"level":"info","message":"⌛ Validating src/gimnasia.wlk","timeElapsed":113,"timestamp":"2025-10-29T13:14:03.784Z"}
{"level":"info","message":"⌛ Validating src/gimnasia.wlk","timeElapsed":107,"timestamp":"2025-10-29T13:14:03.893Z"}
{"level":"info","message":"⌛ Building environment","timeElapsed":109,"timestamp":"2025-10-29T13:14:05.708Z"}
{"level":"info","message":"⌛ Validating src/gimnasia.wlk","timeElapsed":113,"timestamp":"2025-10-29T13:14:05.822Z"}
{"level":"info","message":"⌛ Validating src/gimnasia.wlk","timeElapsed":101,"timestamp":"2025-10-29T13:14:07.170Z"}
{"level":"info","message":"⌛ Building environment","timeElapsed":109,"timestamp":"2025-10-29T13:14:07.732Z"}
{"level":"info","message":"⌛ Validating src/gimnasia.wlk","timeElapsed":113,"timestamp":"2025-10-29T13:14:07.847Z"}
{"level":"info","message":"⌛ Validating src/gimnasia.wlk","timeElapsed":103,"timestamp":"2025-10-29T13:14:11.163Z"}
{"level":"info","message":"⌛ Validating src/gimnasia.wlk","timeElapsed":165,"timestamp":"2025-10-29T13:14:11.438Z"}
{"level":"info","message":"⌛ Building environment","timeElapsed":111,"timestamp":"2025-10-29T13:14:11.641Z"}
{"level":"info","message":"⌛ Building environment","timeElapsed":107,"timestamp":"2025-10-29T13:14:11.749Z"}
{"level":"info","message":"⌛ Validating src/gimnasia.wlk","timeElapsed":122,"timestamp":"2025-10-29T13:14:11.872Z"}
{"level":"info","message":"⌛ Validating src/gimnasia.wlk","timeElapsed":118,"timestamp":"2025-10-29T13:14:12.094Z"}
{"level":"info","message":"⌛ Validating src/gimnasia.wlk","timeElapsed":113,"timestamp":"2025-10-29T13:14:12.288Z"}
{"level":"info","message":"⌛ Validating src/gimnasia.wlk","timeElapsed":108,"timestamp":"2025-10-29T13:14:12.409Z"}
{"level":"info","message":"⌛ Building environment","timeElapsed":104,"timestamp":"2025-10-29T13:14:12.604Z"}
{"level":"info","message":"⌛ Validating src/gimnasia.wlk","timeElapsed":121,"timestamp":"2025-10-29T13:14:12.725Z"}
{"level":"info","message":"⌛ Validating src/gimnasia.wlk","timeElapsed":105,"timestamp":"2025-10-29T13:14:13.043Z"}
{"level":"info","message":"⌛ Building environment","timeElapsed":124,"timestamp":"2025-10-29T13:14:13.167Z"}
{"level":"info","message":"⌛ Validating src/gimnasia.wlk","timeElapsed":124,"timestamp":"2025-10-29T13:14:13.291Z"}
{"level":"info","message":"⌛ Validating src/gimnasia.wlk","timeElapsed":141,"timestamp":"2025-10-29T13:14:13.696Z"}
{"level":"info","message":"⌛ Validating src/gimnasia.wlk","timeElapsed":104,"timestamp":"2025-10-29T13:14:13.809Z"}
{"level":"info","message":"⌛ Building environment","timeElapsed":104,"timestamp":"2025-10-29T13:14:13.914Z"}
{"level":"info","message":"⌛ Validating src/gimnasia.wlk","timeElapsed":106,"timestamp":"2025-10-29T13:14:14.027Z"}
{"level":"info","message":"⌛ Validating src/gimnasia.wlk","timeElapsed":120,"timestamp":"2025-10-29T13:14:14.148Z"}
{"level":"info","message":"⌛ Validating src/gimnasia.wlk","timeElapsed":113,"timestamp":"2025-10-29T13:14:14.442Z"}
{"level":"info","message":"⌛ Validating src/gimnasia.wlk","timeElapsed":112,"timestamp":"2025-10-29T13:14:14.737Z"}
{"level":"info","message":"⌛ Validating src/gimnasia.wlk","timeElapsed":107,"timestamp":"2025-10-29T13:14:15.046Z"}
{"level":"info","message":"⌛ Building environment","timeElapsed":110,"timestamp":"2025-10-29T13:14:15.158Z"}
{"level":"info","message":"⌛ Validating src/gimnasia.wlk","timeElapsed":105,"timestamp":"2025-10-29T13:14:15.263Z"}
{"level":"info","message":"⌛ Validating src/gimnasia.wlk","timeElapsed":115,"timestamp":"2025-10-29T13:14:15.531Z"}
{"level":"info","message":"⌛ Building environment","timeElapsed":110,"timestamp":"2025-10-29T13:14:16.107Z"}
{"level":"info","message":"⌛ Validating src/gimnasia.wlk","timeElapsed":110,"timestamp":"2025-10-29T13:14:16.420Z"}
{"level":"info","message":"⌛ Validating src/gimnasia.wlk","timeElapsed":105,"timestamp":"2025-10-29T13:14:16.617Z"}
{"level":"info","message":"⌛ Validating src/gimnasia.wlk","timeElapsed":105,"timestamp":"2025-10-29T13:14:17.067Z"}
{"level":"info","message":"⌛ Building environment","timeElapsed":146,"timestamp":"2025-10-29T13:19:07.151Z"}
{"level":"info","message":"⌛ Building environment","timeElapsed":160,"timestamp":"2025-10-29T13:19:07.313Z"}
{"level":"info","message":"⌛ Validating src/gimnasia.wlk","timeElapsed":118,"timestamp":"2025-10-29T13:19:07.464Z"}
{"level":"info","message":"⌛ Validating src/gimnasia.wlk","timeElapsed":101,"timestamp":"2025-10-29T13:19:07.566Z"}
{"level":"info","message":"⌛ Building environment","timeElapsed":107,"timestamp":"2025-10-29T13:19:08.533Z"}
{"level":"info","message":"⌛ Validating src/gimnasia.wlk","timeElapsed":128,"timestamp":"2025-10-29T13:19:08.662Z"}
{"level":"info","message":"⌛ Building environment","timeElapsed":108,"timestamp":"2025-10-29T13:19:09.017Z"}
{"level":"info","message":"⌛ Validating src/gimnasia.wlk","timeElapsed":119,"timestamp":"2025-10-29T13:19:09.137Z"}
{"level":"info","message":"⌛ Building environment","timeElapsed":111,"timestamp":"2025-10-29T13:19:09.345Z"}
{"level":"info","message":"⌛ Validating src/gimnasia.wlk","timeElapsed":125,"timestamp":"2025-10-29T13:19:09.471Z"}
{"level":"info","message":"⌛ Building environment","timeElapsed":128,"timestamp":"2025-10-29T13:19:09.620Z"}
{"level":"info","message":"⌛ Validating src/gimnasia.wlk","timeElapsed":141,"timestamp":"2025-10-29T13:19:09.762Z"}
{"level":"info","message":"⌛ Building environment","timeElapsed":102,"timestamp":"2025-10-29T13:19:09.875Z"}
{"level":"info","message":"⌛ Validating src/gimnasia.wlk","timeElapsed":123,"timestamp":"2025-10-29T13:19:09.999Z"}
{"level":"info","message":"⌛ Building environment","timeElapsed":143,"timestamp":"2025-10-29T13:19:10.144Z"}
{"level":"info","message":"⌛ Building environment","timeElapsed":103,"timestamp":"2025-10-29T13:19:10.248Z"}
{"level":"info","message":"⌛ Validating src/gimnasia.wlk","timeElapsed":110,"timestamp":"2025-10-29T13:19:10.372Z"}
{"level":"info","message":"⌛ Building environment","timeElapsed":117,"timestamp":"2025-10-29T13:19:10.491Z"}
{"level":"info","message":"⌛ Building environment","timeElapsed":164,"timestamp":"2025-10-29T13:19:10.656Z"}
{"level":"info","message":"⌛ Validating src/gimnasia.wlk","timeElapsed":139,"timestamp":"2025-10-29T13:19:10.796Z"}
{"level":"info","message":"⌛ Validating src/gimnasia.wlk","timeElapsed":148,"timestamp":"2025-10-29T13:19:11.055Z"}
{"level":"info","message":"⌛ Validating src/gimnasia.wlk","timeElapsed":104,"timestamp":"2025-10-29T13:19:11.237Z"}
{"level":"info","message":"⌛ Building environment","timeElapsed":108,"timestamp":"2025-10-29T13:19:11.345Z"}
{"level":"info","message":"⌛ Validating src/gimnasia.wlk","timeElapsed":118,"timestamp":"2025-10-29T13:19:11.756Z"}
{"level":"info","message":"⌛ Validating src/gimnasia.wlk","timeElapsed":128,"timestamp":"2025-10-29T13:19:11.921Z"}
{"level":"info","message":"⌛ Validating src/gimnasia.wlk","timeElapsed":105,"timestamp":"2025-10-29T13:19:12.316Z"}
{"level":"info","message":"⌛ Validating src/gimnasia.wlk","timeElapsed":101,"timestamp":"2025-10-29T13:19:12.427Z"}
{"level":"info","message":"⌛ Validating src/gimnasia.wlk","timeElapsed":105,"timestamp":"2025-10-29T13:19:12.806Z"}
{"level":"info","message":"⌛ Validating src/gimnasia.wlk","timeElapsed":109,"timestamp":"2025-10-29T13:19:13.079Z"}
{"level":"info","message":"⌛ Building environment","timeElapsed":110,"timestamp":"2025-10-29T13:19:13.280Z"}
{"level":"info","message":"⌛ Validating src/gimnasia.wlk","timeElapsed":113,"timestamp":"2025-10-29T13:19:13.394Z"}
{"level":"info","message":"⌛ Validating src/gimnasia.wlk","timeElapsed":104,"timestamp":"2025-10-29T13:19:13.501Z"}
{"level":"info","message":"⌛ Building environment","timeElapsed":132,"timestamp":"2025-10-29T13:19:59.269Z"}
{"level":"info","message":"⌛ Validating src/gimnasia.wlk","timeElapsed":107,"timestamp":"2025-10-29T13:19:59.378Z"}
{"level":"info","message":"⌛ Building environment","timeElapsed":113,"timestamp":"2025-10-29T13:19:59.493Z"}
{"level":"info","message":"⌛ Validating src/gimnasia.wlk","timeElapsed":124,"timestamp":"2025-10-29T13:19:59.618Z"}
{"level":"info","message":"⌛ Building environment","timeElapsed":103,"timestamp":"2025-10-29T13:19:59.823Z"}
{"level":"info","message":"⌛ Validating src/gimnasia.wlk","timeElapsed":130,"timestamp":"2025-10-29T13:19:59.954Z"}
{"level":"info","message":"⌛ Building environment","timeElapsed":104,"timestamp":"2025-10-29T13:20:00.058Z"}
{"level":"info","message":"⌛ Validating src/gimnasia.wlk","timeElapsed":117,"timestamp":"2025-10-29T13:20:00.176Z"}
{"level":"info","message":"⌛ Building environment","timeElapsed":113,"timestamp":"2025-10-29T13:20:00.293Z"}
{"level":"info","message":"⌛ Validating src/gimnasia.wlk","timeElapsed":137,"timestamp":"2025-10-29T13:20:00.526Z"}
{"level":"info","message":"⌛ Validating src/gimnasia.wlk","timeElapsed":113,"timestamp":"2025-10-29T13:20:00.845Z"}
{"level":"info","message":"⌛ Validating src/gimnasia.wlk","timeElapsed":129,"timestamp":"2025-10-29T13:20:01.066Z"}
{"level":"info","message":"⌛ Validating src/gimnasia.wlk","timeElapsed":111,"timestamp":"2025-10-29T13:20:01.368Z"}
{"level":"info","message":"⌛ Building environment","timeElapsed":136,"timestamp":"2025-10-29T13:20:01.506Z"}
{"level":"info","message":"⌛ Validating src/gimnasia.wlk","timeElapsed":127,"timestamp":"2025-10-29T13:20:01.634Z"}
{"level":"info","message":"⌛ Validating src/gimnasia.wlk","timeElapsed":110,"timestamp":"2025-10-29T13:20:01.999Z"}
{"level":"info","message":"⌛ Validating src/gimnasia.wlk","timeElapsed":105,"timestamp":"2025-10-29T13:20:02.463Z"}
{"level":"info","message":"⌛ Validating src/gimnasia.wlk","timeElapsed":108,"timestamp":"2025-10-29T13:20:02.665Z"}
{"level":"info","message":"⌛ Validating src/gimnasia.wlk","timeElapsed":114,"timestamp":"2025-10-29T13:20:02.859Z"}
{"level":"info","message":"⌛ Validating src/gimnasia.wlk","timeElapsed":101,"timestamp":"2025-10-29T13:20:02.973Z"}
{"level":"info","message":"⌛ Validating src/gimnasia.wlk","timeElapsed":105,"timestamp":"2025-10-29T13:20:03.079Z"}
{"level":"info","message":"⌛ Building environment","timeElapsed":105,"timestamp":"2025-10-29T13:20:03.278Z"}
{"level":"info","message":"⌛ Validating src/gimnasia.wlk","timeElapsed":104,"timestamp":"2025-10-29T13:20:03.382Z"}
{"level":"info","message":"⌛ Validating src/gimnasia.wlk","timeElapsed":106,"timestamp":"2025-10-29T13:20:03.664Z"}
{"level":"info","message":"⌛ Building environment","timeElapsed":149,"timestamp":"2025-10-29T13:20:03.992Z"}
{"level":"info","message":"⌛ Validating src/gimnasia.wlk","timeElapsed":115,"timestamp":"2025-10-29T13:20:04.197Z"}
{"level":"info","message":"⌛ Validating src/gimnasia.wlk","timeElapsed":111,"timestamp":"2025-10-29T13:20:04.383Z"}
{"level":"info","message":"⌛ Validating src/gimnasia.wlk","timeElapsed":132,"timestamp":"2025-10-29T13:20:04.863Z"}
{"level":"info","message":"⌛ Validating src/gimnasia.wlk","timeElapsed":106,"timestamp":"2025-10-29T13:20:05.048Z"}
{"level":"info","message":"⌛ Validating src/gimnasia.wlk","timeElapsed":114,"timestamp":"2025-10-29T13:20:05.236Z"}
{"level":"info","message":"⌛ Validating src/gimnasia.wlk","timeElapsed":101,"timestamp":"2025-10-29T13:20:05.422Z"}
{"level":"info","message":"⌛ Validating src/gimnasia.wlk","timeElapsed":104,"timestamp":"2025-10-29T13:20:05.689Z"}
{"level":"info","message":"⌛ Validating src/gimnasia.wlk","timeElapsed":189,"timestamp":"2025-10-29T13:20:06.045Z"}
{"level":"info","message":"⌛ Building environment","timeElapsed":109,"timestamp":"2025-10-29T13:20:06.154Z"}
{"level":"info","message":"⌛ Validating src/gimnasia.wlk","timeElapsed":118,"timestamp":"2025-10-29T13:20:06.728Z"}
{"level":"info","message":"⌛ Validating src/gimnasia.wlk","timeElapsed":102,"timestamp":"2025-10-29T13:20:07.412Z"}
{"level":"info","message":"⌛ Validating src/gimnasia.wlk","timeElapsed":113,"timestamp":"2025-10-29T13:20:08.157Z"}
{"level":"info","message":"⌛ Building environment","timeElapsed":103,"timestamp":"2025-10-29T13:20:08.361Z"}
{"level":"info","message":"⌛ Validating src/gimnasia.wlk","timeElapsed":154,"timestamp":"2025-10-29T13:20:08.515Z"}
{"level":"info","message":"⌛ Validating src/gimnasia.wlk","timeElapsed":108,"timestamp":"2025-10-29T13:20:08.822Z"}
{"level":"info","message":"⌛ Building environment","timeElapsed":143,"timestamp":"2025-10-29T13:20:53.754Z"}
{"level":"info","message":"⌛ Validating src/gimnasia.wlk","timeElapsed":135,"timestamp":"2025-10-29T13:20:53.891Z"}
{"level":"info","message":"⌛ Validating src/gimnasia.wlk","timeElapsed":108,"timestamp":"2025-10-29T13:20:54.098Z"}
{"level":"info","message":"⌛ Validating src/gimnasia.wlk","timeElapsed":120,"timestamp":"2025-10-29T13:20:54.344Z"}
{"level":"info","message":"⌛ Validating src/gimnasia.wlk","timeElapsed":115,"timestamp":"2025-10-29T13:20:54.653Z"}
{"level":"info","message":"⌛ Validating src/gimnasia.wlk","timeElapsed":107,"timestamp":"2025-10-29T13:20:54.854Z"}
{"level":"info","message":"⌛ Validating src/gimnasia.wlk","timeElapsed":112,"timestamp":"2025-10-29T13:20:55.051Z"}
{"level":"info","message":"⌛ Validating src/gimnasia.wlk","timeElapsed":106,"timestamp":"2025-10-29T13:20:56.325Z"}
{"level":"info","message":"⌛ Building environment","timeElapsed":117,"timestamp":"2025-10-29T13:20:56.635Z"}
{"level":"info","message":"⌛ Validating src/gimnasia.wlk","timeElapsed":120,"timestamp":"2025-10-29T13:20:56.757Z"}
{"level":"info","message":"⌛ Building environment","timeElapsed":106,"timestamp":"2025-10-29T13:20:56.864Z"}
{"level":"info","message":"⌛ Building environment","timeElapsed":102,"timestamp":"2025-10-29T13:20:56.967Z"}
{"level":"info","message":"⌛ Validating src/gimnasia.wlk","timeElapsed":121,"timestamp":"2025-10-29T13:20:57.101Z"}
{"level":"info","message":"⌛ Building environment","timeElapsed":102,"timestamp":"2025-10-29T13:20:57.203Z"}
{"level":"info","message":"⌛ Validating src/gimnasia.wlk","timeElapsed":136,"timestamp":"2025-10-29T13:20:57.341Z"}
{"level":"info","message":"⌛ Building environment","timeElapsed":101,"timestamp":"2025-10-29T13:20:57.545Z"}
{"level":"info","message":"⌛ Validating src/gimnasia.wlk","timeElapsed":104,"timestamp":"2025-10-29T13:20:57.649Z"}
{"level":"info","message":"⌛ Validating src/gimnasia.wlk","timeElapsed":116,"timestamp":"2025-10-29T13:20:57.857Z"}
{"level":"info","message":"⌛ Building environment","timeElapsed":118,"timestamp":"2025-10-29T13:20:57.979Z"}
{"level":"info","message":"⌛ Validating src/gimnasia.wlk","timeElapsed":129,"timestamp":"2025-10-29T13:20:58.108Z"}
{"level":"info","message":"⌛ Validating src/gimnasia.wlk","timeElapsed":106,"timestamp":"2025-10-29T13:20:58.309Z"}
{"level":"info","message":"⌛ Validating src/gimnasia.wlk","timeElapsed":107,"timestamp":"2025-10-29T13:20:58.578Z"}
{"level":"info","message":"⌛ Validating src/gimnasia.wlk","timeElapsed":118,"timestamp":"2025-10-29T13:20:58.854Z"}
{"level":"info","message":"⌛ Building environment","timeElapsed":105,"timestamp":"2025-10-29T13:20:59.045Z"}
{"level":"info","message":"⌛ Validating src/gimnasia.wlk","timeElapsed":112,"timestamp":"2025-10-29T13:20:59.157Z"}
{"level":"info","message":"⌛ Validating src/gimnasia.wlk","timeElapsed":108,"timestamp":"2025-10-29T13:20:59.343Z"}
{"level":"info","message":"⌛ Validating src/gimnasia.wlk","timeElapsed":103,"timestamp":"2025-10-29T13:20:59.606Z"}
{"level":"info","message":"⌛ Validating src/gimnasia.wlk","timeElapsed":105,"timestamp":"2025-10-29T13:20:59.757Z"}
{"level":"info","message":"⌛ Building environment","timeElapsed":103,"timestamp":"2025-10-29T13:20:59.860Z"}
{"level":"info","message":"⌛ Validating src/gimnasia.wlk","timeElapsed":111,"timestamp":"2025-10-29T13:21:00.061Z"}
{"level":"info","message":"⌛ Validating src/gimnasia.wlk","timeElapsed":106,"timestamp":"2025-10-29T13:21:00.342Z"}
{"level":"info","message":"⌛ Validating src/gimnasia.wlk","timeElapsed":103,"timestamp":"2025-10-29T13:21:00.614Z"}
{"level":"info","message":"⌛ Validating src/gimnasia.wlk","timeElapsed":104,"timestamp":"2025-10-29T13:21:00.718Z"}
{"level":"info","message":"⌛ Building environment","timeElapsed":102,"timestamp":"2025-10-29T13:21:00.895Z"}
{"level":"info","message":"⌛ Validating src/gimnasia.wlk","timeElapsed":102,"timestamp":"2025-10-29T13:21:01.266Z"}
{"level":"info","message":"⌛ Validating src/gimnasia.wlk","timeElapsed":103,"timestamp":"2025-10-29T13:21:01.453Z"}
{"level":"info","message":"⌛ Validating src/gimnasia.wlk","timeElapsed":110,"timestamp":"2025-10-29T13:21:01.645Z"}
{"level":"info","message":"⌛ Validating src/gimnasia.wlk","timeElapsed":108,"timestamp":"2025-10-29T13:21:01.953Z"}
{"level":"info","message":"⌛ Validating src/gimnasia.wlk","timeElapsed":101,"timestamp":"2025-10-29T13:21:02.149Z"}
{"level":"info","message":"⌛ Building environment","timeElapsed":101,"timestamp":"2025-10-29T13:21:02.446Z"}
{"level":"info","message":"⌛ Building environment","timeElapsed":119,"timestamp":"2025-10-29T13:21:02.665Z"}
{"level":"info","message":"⌛ Validating src/gimnasia.wlk","timeElapsed":107,"timestamp":"2025-10-29T13:21:02.946Z"}
{"level":"info","message":"⌛ Validating src/gimnasia.wlk","timeElapsed":111,"timestamp":"2025-10-29T13:21:03.136Z"}
{"level":"info","message":"⌛ Building environment","timeElapsed":130,"timestamp":"2025-10-29T13:21:03.269Z"}
{"level":"info","message":"⌛ Validating src/gimnasia.wlk","timeElapsed":115,"timestamp":"2025-10-29T13:21:03.385Z"}
{"level":"info","message":"⌛ Building environment","timeElapsed":103,"timestamp":"2025-10-29T13:21:03.586Z"}
{"level":"info","message":"⌛ Validating src/gimnasia.wlk","timeElapsed":104,"timestamp":"2025-10-29T13:21:03.691Z"}
{"level":"info","message":"⌛ Building environment","timeElapsed":133,"timestamp":"2025-10-29T13:21:04.357Z"}
{"level":"info","message":"⌛ Building environment","timeElapsed":212,"timestamp":"2025-10-29T13:21:04.569Z"}
{"level":"info","message":"⌛ Validating src/gimnasia.wlk","timeElapsed":113,"timestamp":"2025-10-29T13:21:04.766Z"}
{"level":"info","message":"⌛ Validating src/gimnasia.wlk","timeElapsed":101,"timestamp":"2025-10-29T13:21:04.870Z"}
{"level":"info","message":"⌛ Validating src/gimnasia.wlk","timeElapsed":122,"timestamp":"2025-10-29T13:21:07.736Z"}
{"level":"info","message":"⌛ Validating src/gimnasia.wlk","timeElapsed":118,"timestamp":"2025-10-29T13:21:08.042Z"}
{"level":"info","message":"⌛ Validating src/gimnasia.wlk","timeElapsed":106,"timestamp":"2025-10-29T13:21:08.149Z"}
{"level":"info","message":"⌛ Validating src/gimnasia.wlk","timeElapsed":116,"timestamp":"2025-10-29T13:21:08.455Z"}
{"level":"info","message":"⌛ Validating src/gimnasia.wlk","timeElapsed":101,"timestamp":"2025-10-29T13:21:08.940Z"}
{"level":"info","message":"⌛ Validating src/gimnasia.wlk","timeElapsed":154,"timestamp":"2025-10-29T13:21:09.285Z"}
{"level":"info","message":"⌛ Validating src/gimnasia.wlk","timeElapsed":108,"timestamp":"2025-10-29T13:21:09.465Z"}
{"level":"info","message":"⌛ Building environment","timeElapsed":101,"timestamp":"2025-10-29T13:21:09.566Z"}
{"level":"info","message":"⌛ Building environment","timeElapsed":342,"timestamp":"2025-10-29T13:21:10.017Z"}
{"level":"info","message":"⌛ Validating src/gimnasia.wlk","timeElapsed":105,"timestamp":"2025-10-29T13:21:10.205Z"}
{"level":"info","message":"⌛ Validating src/gimnasia.wlk","timeElapsed":104,"timestamp":"2025-10-29T13:21:10.557Z"}
{"level":"info","message":"⌛ Validating src/gimnasia.wlk","timeElapsed":108,"timestamp":"2025-10-29T13:21:10.864Z"}
{"level":"info","message":"⌛ Validating src/gimnasia.wlk","timeElapsed":101,"timestamp":"2025-10-29T13:21:11.239Z"}
{"level":"info","message":"⌛ Validating src/gimnasia.wlk","timeElapsed":119,"timestamp":"2025-10-29T13:21:12.574Z"}
{"level":"info","message":"⌛ Validating src/gimnasia.wlk","timeElapsed":112,"timestamp":"2025-10-29T13:21:12.901Z"}
{"level":"info","message":"⌛ Validating src/gimnasia.wlk","timeElapsed":141,"timestamp":"2025-10-29T13:21:13.127Z"}
{"level":"info","message":"⌛ Validating src/gimnasia.wlk","timeElapsed":112,"timestamp":"2025-10-29T13:21:13.324Z"}
{"level":"info","message":"⌛ Validating src/gimnasia.wlk","timeElapsed":109,"timestamp":"2025-10-29T13:21:13.445Z"}
{"level":"info","message":"⌛ Validating src/gimnasia.wlk","timeElapsed":108,"timestamp":"2025-10-29T13:21:14.394Z"}
{"level":"info","message":"⌛ Building environment","timeElapsed":106,"timestamp":"2025-10-29T13:21:14.640Z"}
{"level":"info","message":"⌛ Validating src/gimnasia.wlk","timeElapsed":126,"timestamp":"2025-10-29T13:21:14.857Z"}
{"level":"info","message":"⌛ Validating src/gimnasia.wlk","timeElapsed":123,"timestamp":"2025-10-29T13:21:14.980Z"}
{"level":"info","message":"⌛ Building environment","timeElapsed":104,"timestamp":"2025-10-29T13:21:15.088Z"}
{"level":"info","message":"⌛ Building environment","timeElapsed":108,"timestamp":"2025-10-29T13:21:15.296Z"}
{"level":"info","message":"⌛ Building environment","timeElapsed":157,"timestamp":"2025-10-29T13:21:15.454Z"}
{"level":"info","message":"⌛ Validating src/gimnasia.wlk","timeElapsed":117,"timestamp":"2025-10-29T13:21:15.571Z"}
{"level":"info","message":"⌛ Validating src/gimnasia.wlk","timeElapsed":101,"timestamp":"2025-10-29T13:21:15.771Z"}
{"level":"info","message":"⌛ Validating src/gimnasia.wlk","timeElapsed":121,"timestamp":"2025-10-29T13:21:16.060Z"}
{"level":"info","message":"⌛ Building environment","timeElapsed":111,"timestamp":"2025-10-29T13:21:16.175Z"}
{"level":"info","message":"⌛ Validating src/gimnasia.wlk","timeElapsed":127,"timestamp":"2025-10-29T13:21:16.572Z"}
{"level":"info","message":"⌛ Validating src/gimnasia.wlk","timeElapsed":103,"timestamp":"2025-10-29T13:21:16.777Z"}
{"level":"info","message":"⌛ Validating src/gimnasia.wlk","timeElapsed":106,"timestamp":"2025-10-29T13:21:17.332Z"}
{"level":"info","message":"⌛ Building environment","timeElapsed":123,"timestamp":"2025-10-29T13:21:17.455Z"}
{"level":"info","message":"⌛ Validating src/gimnasia.wlk","timeElapsed":114,"timestamp":"2025-10-29T13:21:17.570Z"}
{"level":"info","message":"⌛ Building environment","timeElapsed":131,"timestamp":"2025-10-29T13:21:17.795Z"}
{"level":"info","message":"⌛ Validating src/gimnasia.wlk","timeElapsed":117,"timestamp":"2025-10-29T13:21:17.912Z"}
{"level":"info","message":"⌛ Validating src/gimnasia.wlk","timeElapsed":104,"timestamp":"2025-10-29T13:21:18.109Z"}
{"level":"info","message":"⌛ Validating src/gimnasia.wlk","timeElapsed":102,"timestamp":"2025-10-29T13:21:18.299Z"}
{"level":"info","message":"⌛ Building environment","timeElapsed":112,"timestamp":"2025-10-29T13:21:18.412Z"}
{"level":"info","message":"⌛ Validating src/gimnasia.wlk","timeElapsed":110,"timestamp":"2025-10-29T13:21:18.521Z"}
{"level":"info","message":"⌛ Validating src/gimnasia.wlk","timeElapsed":106,"timestamp":"2025-10-29T13:21:18.798Z"}
{"level":"info","message":"⌛ Building environment","timeElapsed":170,"timestamp":"2025-10-29T13:21:19.583Z"}
{"level":"info","message":"⌛ Validating src/gimnasia.wlk","timeElapsed":112,"timestamp":"2025-10-29T13:21:21.647Z"}
{"level":"info","message":"⌛ Building environment","timeElapsed":102,"timestamp":"2025-10-29T13:21:21.752Z"}
{"level":"info","message":"⌛ Building environment","timeElapsed":138,"timestamp":"2025-10-29T13:21:21.891Z"}
{"level":"info","message":"⌛ Validating src/gimnasia.wlk","timeElapsed":106,"timestamp":"2025-10-29T13:21:21.998Z"}
{"level":"info","message":"⌛ Validating src/gimnasia.wlk","timeElapsed":106,"timestamp":"2025-10-29T13:21:22.203Z"}
{"level":"info","message":"⌛ Validating src/gimnasia.wlk","timeElapsed":104,"timestamp":"2025-10-29T13:21:22.391Z"}
{"level":"info","message":"⌛ Validating src/gimnasia.wlk","timeElapsed":103,"timestamp":"2025-10-29T13:21:22.680Z"}
{"level":"info","message":"⌛ Validating src/gimnasia.wlk","timeElapsed":102,"timestamp":"2025-10-29T13:21:22.969Z"}
{"level":"info","message":"⌛ Validating src/gimnasia.wlk","timeElapsed":115,"timestamp":"2025-10-29T13:21:23.730Z"}
{"level":"info","message":"⌛ Validating src/gimnasia.wlk","timeElapsed":107,"timestamp":"2025-10-29T13:21:23.936Z"}
{"level":"info","message":"⌛ Building environment","timeElapsed":138,"timestamp":"2025-10-29T13:21:24.075Z"}
{"level":"info","message":"⌛ Validating src/gimnasia.wlk","timeElapsed":113,"timestamp":"2025-10-29T13:21:24.278Z"}
{"level":"info","message":"⌛ Validating src/gimnasia.wlk","timeElapsed":103,"timestamp":"2025-10-29T13:21:24.471Z"}
{"level":"info","message":"⌛ Validating src/gimnasia.wlk","timeElapsed":107,"timestamp":"2025-10-29T13:21:24.762Z"}
{"level":"info","message":"⌛ Validating src/gimnasia.wlk","timeElapsed":104,"timestamp":"2025-10-29T13:21:25.030Z"}
{"level":"info","message":"⌛ Building environment","timeElapsed":167,"timestamp":"2025-10-29T13:21:25.370Z"}
{"level":"info","message":"⌛ Validating src/gimnasia.wlk","timeElapsed":104,"timestamp":"2025-10-29T13:21:25.474Z"}
{"level":"info","message":"⌛ Validating src/gimnasia.wlk","timeElapsed":103,"timestamp":"2025-10-29T13:21:25.578Z"}
{"level":"info","message":"⌛ Validating src/gimnasia.wlk","timeElapsed":128,"timestamp":"2025-10-29T13:21:26.074Z"}
{"level":"info","message":"⌛ Building environment","timeElapsed":105,"timestamp":"2025-10-29T13:21:26.179Z"}
{"level":"info","message":"⌛ Validating src/gimnasia.wlk","timeElapsed":109,"timestamp":"2025-10-29T13:21:26.296Z"}
{"level":"info","message":"⌛ Validating src/gimnasia.wlk","timeElapsed":104,"timestamp":"2025-10-29T13:21:26.564Z"}
{"level":"info","message":"⌛ Building environment","timeElapsed":101,"timestamp":"2025-10-29T13:21:26.668Z"}
{"level":"info","message":"⌛ Validating src/gimnasia.wlk","timeElapsed":111,"timestamp":"2025-10-29T13:21:26.779Z"}
{"level":"info","message":"⌛ Validating src/gimnasia.wlk","timeElapsed":104,"timestamp":"2025-10-29T13:21:27.356Z"}
{"level":"info","message":"⌛ Validating src/gimnasia.wlk","timeElapsed":107,"timestamp":"2025-10-29T13:21:27.563Z"}
{"level":"info","message":"⌛ Validating src/gimnasia.wlk","timeElapsed":109,"timestamp":"2025-10-29T13:21:27.754Z"}
{"level":"info","message":"⌛ Building environment","timeElapsed":164,"timestamp":"2025-10-29T13:22:08.911Z"}
{"level":"info","message":"⌛ Validating src/gimnasia.wlk","timeElapsed":124,"timestamp":"2025-10-29T13:22:09.037Z"}
{"level":"info","message":"⌛ Building environment","timeElapsed":111,"timestamp":"2025-10-29T13:22:09.148Z"}
{"level":"info","message":"⌛ Validating src/gimnasia.wlk","timeElapsed":121,"timestamp":"2025-10-29T13:22:09.365Z"}
{"level":"info","message":"⌛ Building environment","timeElapsed":118,"timestamp":"2025-10-29T13:22:09.484Z"}
{"level":"info","message":"⌛ Validating src/gimnasia.wlk","timeElapsed":122,"timestamp":"2025-10-29T13:22:09.607Z"}
{"level":"info","message":"⌛ Validating src/gimnasia.wlk","timeElapsed":119,"timestamp":"2025-10-29T13:22:09.810Z"}
{"level":"info","message":"⌛ Building environment","timeElapsed":101,"timestamp":"2025-10-29T13:22:09.916Z"}
{"level":"info","message":"⌛ Validating src/gimnasia.wlk","timeElapsed":108,"timestamp":"2025-10-29T13:22:10.025Z"}
{"level":"info","message":"⌛ Building environment","timeElapsed":127,"timestamp":"2025-10-29T13:22:10.260Z"}
{"level":"info","message":"⌛ Validating src/gimnasia.wlk","timeElapsed":108,"timestamp":"2025-10-29T13:22:10.389Z"}
{"level":"info","message":"⌛ Validating src/gimnasia.wlk","timeElapsed":111,"timestamp":"2025-10-29T13:22:10.501Z"}
{"level":"info","message":"⌛ Validating src/gimnasia.wlk","timeElapsed":110,"timestamp":"2025-10-29T13:22:10.831Z"}
{"level":"info","message":"⌛ Validating src/gimnasia.wlk","timeElapsed":104,"timestamp":"2025-10-29T13:22:11.199Z"}
{"level":"info","message":"⌛ Validating src/gimnasia.wlk","timeElapsed":121,"timestamp":"2025-10-29T13:22:11.321Z"}
{"level":"info","message":"⌛ Validating src/gimnasia.wlk","timeElapsed":103,"timestamp":"2025-10-29T13:22:11.532Z"}
{"level":"info","message":"⌛ Validating src/gimnasia.wlk","timeElapsed":102,"timestamp":"2025-10-29T13:22:11.634Z"}
{"errors":{"errors":[null,["/*Esto podria solo usarse method tiempo y method intensidad, lo que me permite no usar var, dejando descanso como method (como estas), descanso \r"]]},"level":"error","message":"✘ Failed to get type description: Error: {\n  \"errors\": [\n    null,\n    [\n      \"/*Esto podria solo usarse method tiempo y method intensidad, lo que me permite no usar var, dejando descanso como method (como estas), descanso \\r\"\n    ]\n  ]\n} {\n  \"errors\": [\n    null,\n    [\n      \"/*Esto podria solo usarse method tiempo y method intensidad, lo que me permite no usar var, dejando descanso como method (como estas), descanso \\r\"\n    ]\n  ]\n}","stack":"Error: {\n  \"errors\": [\n    null,\n    [\n      \"/*Esto podria solo usarse method tiempo y method intensidad, lo que me permite no usar var, dejando descanso como method (como estas), descanso \\r\"\n    ]\n  ]\n}\n    at aS (c:\\Users\\fidel\\.vscode\\extensions\\uqbar.wollok-lsp-ide-0.5.3\\out\\server\\src\\server.js:64:34609)\n    at K1 (c:\\Users\\fidel\\.vscode\\extensions\\uqbar.wollok-lsp-ide-0.5.3\\out\\server\\src\\server.js:64:34682)\n    at c:\\Users\\fidel\\.vscode\\extensions\\uqbar.wollok-lsp-ide-0.5.3\\out\\server\\src\\server.js:64:37949\n    at o.g1 (c:\\Users\\fidel\\.vscode\\extensions\\uqbar.wollok-lsp-ide-0.5.3\\out\\server\\src\\server.js:57:58803)\n    at c:\\Users\\fidel\\.vscode\\extensions\\uqbar.wollok-lsp-ide-0.5.3\\out\\server\\src\\server.js:64:37918\n    at c:\\Users\\fidel\\.vscode\\extensions\\uqbar.wollok-lsp-ide-0.5.3\\out\\server\\src\\server.js:57:56843\n    at Dfn (c:\\Users\\fidel\\.vscode\\extensions\\uqbar.wollok-lsp-ide-0.5.3\\out\\server\\src\\server.js:68:11324)\n    at c:\\Users\\fidel\\.vscode\\extensions\\uqbar.wollok-lsp-ide-0.5.3\\out\\server\\src\\server.js:68:3629\n    at Array.map (<anonymous>)\n    at c:\\Users\\fidel\\.vscode\\extensions\\uqbar.wollok-lsp-ide-0.5.3\\out\\server\\src\\server.js:68:10583","timestamp":"2025-10-29T14:39:10.339Z"}
{"level":"info","message":"⌛ Building environment","timeElapsed":126,"timestamp":"2025-10-29T14:42:08.636Z"}
{"level":"info","message":"⌛ Validating src/gimnasia.wlk","timeElapsed":163,"timestamp":"2025-10-29T14:42:08.802Z"}
{"errors":{"errors":[null,["/*\r","method verificar(rutina){\r","self.inicializarAtletaCon(rutina)\r","return rutina.conteoCkal()/self.kilosPorCaloria()\r"]]},"level":"error","message":"✘ Failed to get type description: Error: {\n  \"errors\": [\n    null,\n    [\n      \"/*\\r\",\n      \"method verificar(rutina){\\r\",\n      \"self.inicializarAtletaCon(rutina)\\r\",\n      \"return rutina.conteoCkal()/self.kilosPorCaloria()\\r\"\n    ]\n  ]\n} {\n  \"errors\": [\n    null,\n    [\n      \"/*\\r\",\n      \"method verificar(rutina){\\r\",\n      \"self.inicializarAtletaCon(rutina)\\r\",\n      \"return rutina.conteoCkal()/self.kilosPorCaloria()\\r\"\n    ]\n  ]\n}","stack":"Error: {\n  \"errors\": [\n    null,\n    [\n      \"/*\\r\",\n      \"method verificar(rutina){\\r\",\n      \"self.inicializarAtletaCon(rutina)\\r\",\n      \"return rutina.conteoCkal()/self.kilosPorCaloria()\\r\"\n    ]\n  ]\n}\n    at aS (c:\\Users\\fidel\\.vscode\\extensions\\uqbar.wollok-lsp-ide-0.5.3\\out\\server\\src\\server.js:64:34609)\n    at K1 (c:\\Users\\fidel\\.vscode\\extensions\\uqbar.wollok-lsp-ide-0.5.3\\out\\server\\src\\server.js:64:34682)\n    at c:\\Users\\fidel\\.vscode\\extensions\\uqbar.wollok-lsp-ide-0.5.3\\out\\server\\src\\server.js:64:37949\n    at o.g1 (c:\\Users\\fidel\\.vscode\\extensions\\uqbar.wollok-lsp-ide-0.5.3\\out\\server\\src\\server.js:57:58803)\n    at c:\\Users\\fidel\\.vscode\\extensions\\uqbar.wollok-lsp-ide-0.5.3\\out\\server\\src\\server.js:64:37918\n    at c:\\Users\\fidel\\.vscode\\extensions\\uqbar.wollok-lsp-ide-0.5.3\\out\\server\\src\\server.js:57:56843\n    at Dfn (c:\\Users\\fidel\\.vscode\\extensions\\uqbar.wollok-lsp-ide-0.5.3\\out\\server\\src\\server.js:68:11324)\n    at c:\\Users\\fidel\\.vscode\\extensions\\uqbar.wollok-lsp-ide-0.5.3\\out\\server\\src\\server.js:68:3629\n    at Gbn (c:\\Users\\fidel\\.vscode\\extensions\\uqbar.wollok-lsp-ide-0.5.3\\out\\server\\src\\server.js:68:3396)\n    at c:\\Users\\fidel\\.vscode\\extensions\\uqbar.wollok-lsp-ide-0.5.3\\out\\server\\src\\server.js:2393:847","timestamp":"2025-10-29T14:42:52.308Z"}
{"errors":{"errors":[null,["/*\r","method verificar(rutina){\r","self.inicializarAtletaCon(rutina)\r","return rutina.conteoCkal()/self.kilosPorCaloria()\r"]]},"level":"error","message":"✘ Failed to get type description: Error: {\n  \"errors\": [\n    null,\n    [\n      \"/*\\r\",\n      \"method verificar(rutina){\\r\",\n      \"self.inicializarAtletaCon(rutina)\\r\",\n      \"return rutina.conteoCkal()/self.kilosPorCaloria()\\r\"\n    ]\n  ]\n} {\n  \"errors\": [\n    null,\n    [\n      \"/*\\r\",\n      \"method verificar(rutina){\\r\",\n      \"self.inicializarAtletaCon(rutina)\\r\",\n      \"return rutina.conteoCkal()/self.kilosPorCaloria()\\r\"\n    ]\n  ]\n}","stack":"Error: {\n  \"errors\": [\n    null,\n    [\n      \"/*\\r\",\n      \"method verificar(rutina){\\r\",\n      \"self.inicializarAtletaCon(rutina)\\r\",\n      \"return rutina.conteoCkal()/self.kilosPorCaloria()\\r\"\n    ]\n  ]\n}\n    at aS (c:\\Users\\fidel\\.vscode\\extensions\\uqbar.wollok-lsp-ide-0.5.3\\out\\server\\src\\server.js:64:34609)\n    at K1 (c:\\Users\\fidel\\.vscode\\extensions\\uqbar.wollok-lsp-ide-0.5.3\\out\\server\\src\\server.js:64:34682)\n    at c:\\Users\\fidel\\.vscode\\extensions\\uqbar.wollok-lsp-ide-0.5.3\\out\\server\\src\\server.js:64:37949\n    at o.g1 (c:\\Users\\fidel\\.vscode\\extensions\\uqbar.wollok-lsp-ide-0.5.3\\out\\server\\src\\server.js:57:58803)\n    at c:\\Users\\fidel\\.vscode\\extensions\\uqbar.wollok-lsp-ide-0.5.3\\out\\server\\src\\server.js:64:37918\n    at c:\\Users\\fidel\\.vscode\\extensions\\uqbar.wollok-lsp-ide-0.5.3\\out\\server\\src\\server.js:57:56843\n    at Dfn (c:\\Users\\fidel\\.vscode\\extensions\\uqbar.wollok-lsp-ide-0.5.3\\out\\server\\src\\server.js:68:11324)\n    at c:\\Users\\fidel\\.vscode\\extensions\\uqbar.wollok-lsp-ide-0.5.3\\out\\server\\src\\server.js:68:3629\n    at Gbn (c:\\Users\\fidel\\.vscode\\extensions\\uqbar.wollok-lsp-ide-0.5.3\\out\\server\\src\\server.js:68:3396)\n    at c:\\Users\\fidel\\.vscode\\extensions\\uqbar.wollok-lsp-ide-0.5.3\\out\\server\\src\\server.js:2393:847","timestamp":"2025-10-29T14:42:53.983Z"}
{"level":"info","message":"⌛ Building environment","timeElapsed":273,"timestamp":"2025-10-29T14:44:02.525Z"}
{"level":"info","message":"⌛ Validating src/gimnasia.wtest","timeElapsed":146,"timestamp":"2025-10-29T14:44:02.723Z"}
{"level":"info","message":"⌛ Building environment","timeElapsed":127,"timestamp":"2025-10-29T14:46:42.145Z"}
{"level":"info","message":"⌛ Validating src/gimnasia.wlk","timeElapsed":153,"timestamp":"2025-10-29T14:46:42.299Z"}
{"level":"info","message":"⌛ Building environment","timeElapsed":111,"timestamp":"2025-10-29T14:46:45.731Z"}
{"level":"info","message":"⌛ Validating src/gimnasia.wlk","timeElapsed":140,"timestamp":"2025-10-29T14:46:45.873Z"}
{"level":"info","message":"⌛ Building environment","timeElapsed":131,"timestamp":"2025-10-29T14:52:07.902Z"}
{"level":"info","message":"⌛ Building environment","timeElapsed":136,"timestamp":"2025-10-29T14:52:08.040Z"}
{"level":"info","message":"⌛ Validating src/gimnasia.wlk","timeElapsed":126,"timestamp":"2025-10-29T14:52:08.166Z"}
{"level":"info","message":"⌛ Validating src/gimnasia.wlk","timeElapsed":116,"timestamp":"2025-10-29T14:52:08.307Z"}
{"level":"info","message":"⌛ Building environment","timeElapsed":124,"timestamp":"2025-10-29T14:52:08.433Z"}
{"level":"info","message":"⌛ Building environment","timeElapsed":114,"timestamp":"2025-10-29T14:52:08.549Z"}
{"level":"info","message":"⌛ Validating src/gimnasia.wlk","timeElapsed":125,"timestamp":"2025-10-29T14:52:08.716Z"}
{"level":"info","message":"⌛ Validating src/gimnasia.wlk","timeElapsed":121,"timestamp":"2025-10-29T14:52:08.844Z"}
{"level":"info","message":"⌛ Building environment","timeElapsed":111,"timestamp":"2025-10-29T14:52:10.822Z"}
{"level":"info","message":"⌛ Validating src/gimnasia.wlk","timeElapsed":128,"timestamp":"2025-10-29T14:52:10.951Z"}
{"level":"info","message":"⌛ Validating src/gimnasia.wlk","timeElapsed":105,"timestamp":"2025-10-29T14:52:11.175Z"}
{"level":"info","message":"⌛ Building environment","timeElapsed":120,"timestamp":"2025-10-29T14:52:15.775Z"}
{"level":"info","message":"⌛ Building environment","timeElapsed":113,"timestamp":"2025-10-29T14:52:15.892Z"}
{"level":"info","message":"⌛ Validating src/gimnasia.wlk","timeElapsed":117,"timestamp":"2025-10-29T14:52:16.009Z"}
{"level":"info","message":"⌛ Validating src/gimnasia.wlk","timeElapsed":145,"timestamp":"2025-10-29T14:52:16.155Z"}
{"level":"info","message":"⌛ Building environment","timeElapsed":116,"timestamp":"2025-10-29T14:52:16.272Z"}
{"level":"info","message":"⌛ Building environment","timeElapsed":120,"timestamp":"2025-10-29T14:52:16.392Z"}
{"level":"info","message":"⌛ Validating src/gimnasia.wlk","timeElapsed":117,"timestamp":"2025-10-29T14:52:16.526Z"}
{"level":"info","message":"⌛ Building environment","timeElapsed":158,"timestamp":"2025-10-29T14:52:16.685Z"}
{"level":"info","message":"⌛ Validating src/gimnasia.wlk","timeElapsed":137,"timestamp":"2025-10-29T14:52:16.822Z"}
{"level":"info","message":"⌛ Building environment","timeElapsed":137,"timestamp":"2025-10-29T14:52:16.960Z"}
{"level":"info","message":"⌛ Validating src/gimnasia.wlk","timeElapsed":106,"timestamp":"2025-10-29T14:52:17.066Z"}
{"level":"info","message":"⌛ Validating src/gimnasia.wlk","timeElapsed":111,"timestamp":"2025-10-29T14:52:17.188Z"}
{"level":"info","message":"⌛ Building environment","timeElapsed":112,"timestamp":"2025-10-29T14:52:17.303Z"}
{"level":"info","message":"⌛ Building environment","timeElapsed":101,"timestamp":"2025-10-29T14:52:17.405Z"}
{"level":"info","message":"⌛ Validating src/gimnasia.wlk","timeElapsed":120,"timestamp":"2025-10-29T14:52:17.526Z"}
{"level":"info","message":"⌛ Building environment","timeElapsed":104,"timestamp":"2025-10-29T14:52:19.198Z"}
{"level":"info","message":"⌛ Validating src/gimnasia.wlk","timeElapsed":118,"timestamp":"2025-10-29T14:52:19.318Z"}
{"level":"info","message":"⌛ Building environment","timeElapsed":101,"timestamp":"2025-10-29T14:52:19.420Z"}
{"level":"info","message":"⌛ Building environment","timeElapsed":118,"timestamp":"2025-10-29T14:52:19.538Z"}
{"level":"info","message":"⌛ Validating src/gimnasia.wlk","timeElapsed":122,"timestamp":"2025-10-29T14:52:19.660Z"}
{"level":"info","message":"⌛ Validating src/gimnasia.wlk","timeElapsed":111,"timestamp":"2025-10-29T14:52:19.864Z"}
{"level":"info","message":"⌛ Building environment","timeElapsed":101,"timestamp":"2025-10-29T14:52:20.074Z"}
{"level":"info","message":"⌛ Building environment","timeElapsed":103,"timestamp":"2025-10-29T14:52:20.192Z"}
{"level":"info","message":"⌛ Validating src/gimnasia.wlk","timeElapsed":101,"timestamp":"2025-10-29T14:52:20.294Z"}
{"level":"info","message":"⌛ Validating src/gimnasia.wlk","timeElapsed":103,"timestamp":"2025-10-29T14:52:20.398Z"}
{"level":"info","message":"⌛ Validating src/gimnasia.wlk","timeElapsed":111,"timestamp":"2025-10-29T14:52:20.715Z"}
{"level":"info","message":"⌛ Validating src/gimnasia.wlk","timeElapsed":121,"timestamp":"2025-10-29T14:52:20.837Z"}
{"level":"info","message":"⌛ Building environment","timeElapsed":103,"timestamp":"2025-10-29T14:52:20.941Z"}
{"level":"info","message":"⌛ Validating src/gimnasia.wlk","timeElapsed":104,"timestamp":"2025-10-29T14:52:21.150Z"}
{"level":"info","message":"⌛ Building environment","timeElapsed":132,"timestamp":"2025-10-29T14:52:21.457Z"}
{"level":"info","message":"⌛ Validating src/gimnasia.wlk","timeElapsed":112,"timestamp":"2025-10-29T14:52:21.571Z"}
{"level":"info","message":"⌛ Validating src/gimnasia.wlk","timeElapsed":111,"timestamp":"2025-10-29T14:52:23.255Z"}
{"level":"info","message":"⌛ Building environment","timeElapsed":112,"timestamp":"2025-10-29T14:52:24.628Z"}
{"level":"info","message":"⌛ Validating src/gimnasia.wlk","timeElapsed":134,"timestamp":"2025-10-29T14:52:24.763Z"}
{"level":"info","message":"⌛ Building environment","timeElapsed":116,"timestamp":"2025-10-29T14:52:25.014Z"}
{"level":"info","message":"⌛ Validating src/gimnasia.wlk","timeElapsed":129,"timestamp":"2025-10-29T14:52:25.164Z"}
{"level":"info","message":"⌛ Building environment","timeElapsed":102,"timestamp":"2025-10-29T14:52:25.267Z"}
{"level":"info","message":"⌛ Validating src/gimnasia.wlk","timeElapsed":130,"timestamp":"2025-10-29T14:52:25.398Z"}
{"level":"info","message":"⌛ Building environment","timeElapsed":108,"timestamp":"2025-10-29T14:52:25.510Z"}
{"level":"info","message":"⌛ Building environment","timeElapsed":123,"timestamp":"2025-10-29T14:52:25.634Z"}
{"level":"info","message":"⌛ Validating src/gimnasia.wlk","timeElapsed":112,"timestamp":"2025-10-29T14:52:25.746Z"}
{"level":"info","message":"⌛ Validating src/gimnasia.wlk","timeElapsed":118,"timestamp":"2025-10-29T14:52:25.950Z"}
{"level":"info","message":"⌛ Building environment","timeElapsed":112,"timestamp":"2025-10-29T14:52:27.843Z"}
{"level":"info","message":"⌛ Building environment","timeElapsed":112,"timestamp":"2025-10-29T14:52:27.955Z"}
{"level":"info","message":"⌛ Validating src/gimnasia.wlk","timeElapsed":121,"timestamp":"2025-10-29T14:52:28.077Z"}
{"level":"info","message":"⌛ Building environment","timeElapsed":112,"timestamp":"2025-10-29T14:52:28.192Z"}
{"level":"info","message":"⌛ Validating src/gimnasia.wlk","timeElapsed":123,"timestamp":"2025-10-29T14:52:28.315Z"}
{"level":"info","message":"⌛ Building environment","timeElapsed":101,"timestamp":"2025-10-29T14:52:28.417Z"}
{"level":"info","message":"⌛ Building environment","timeElapsed":101,"timestamp":"2025-10-29T14:52:28.518Z"}
{"level":"info","message":"⌛ Validating src/gimnasia.wlk","timeElapsed":132,"timestamp":"2025-10-29T14:52:28.651Z"}
{"level":"info","message":"⌛ Building environment","timeElapsed":131,"timestamp":"2025-10-29T14:52:28.874Z"}
{"level":"info","message":"⌛ Validating src/gimnasia.wlk","timeElapsed":121,"timestamp":"2025-10-29T14:52:28.996Z"}
{"level":"info","message":"⌛ Validating src/gimnasia.wlk","timeElapsed":105,"timestamp":"2025-10-29T14:52:29.101Z"}
{"level":"info","message":"⌛ Building environment","timeElapsed":112,"timestamp":"2025-10-29T14:52:29.306Z"}
{"level":"info","message":"⌛ Validating src/gimnasia.wlk","timeElapsed":109,"timestamp":"2025-10-29T14:52:29.415Z"}
{"level":"info","message":"⌛ Building environment","timeElapsed":180,"timestamp":"2025-10-29T14:52:29.677Z"}
{"level":"info","message":"⌛ Validating src/gimnasia.wlk","timeElapsed":104,"timestamp":"2025-10-29T14:52:30.057Z"}
{"level":"info","message":"⌛ Validating src/gimnasia.wlk","timeElapsed":113,"timestamp":"2025-10-29T14:52:30.371Z"}
{"level":"info","message":"⌛ Validating src/gimnasia.wlk","timeElapsed":107,"timestamp":"2025-10-29T14:52:30.478Z"}
{"level":"info","message":"⌛ Validating src/gimnasia.wlk","timeElapsed":128,"timestamp":"2025-10-29T14:52:30.607Z"}
{"level":"info","message":"⌛ Building environment","timeElapsed":102,"timestamp":"2025-10-29T14:52:30.713Z"}
{"level":"info","message":"⌛ Building environment","timeElapsed":113,"timestamp":"2025-10-29T14:52:31.006Z"}
{"level":"info","message":"⌛ Validating src/gimnasia.wlk","timeElapsed":104,"timestamp":"2025-10-29T14:52:31.304Z"}
{"level":"info","message":"⌛ Validating src/gimnasia.wlk","timeElapsed":103,"timestamp":"2025-10-29T14:52:32.007Z"}
{"level":"info","message":"⌛ Building environment","timeElapsed":130,"timestamp":"2025-10-29T14:52:33.644Z"}
{"level":"info","message":"⌛ Validating src/gimnasia.wlk","timeElapsed":121,"timestamp":"2025-10-29T14:52:33.866Z"}
{"level":"info","message":"⌛ Building environment","timeElapsed":101,"timestamp":"2025-10-29T14:52:33.968Z"}
{"level":"info","message":"⌛ Validating src/gimnasia.wlk","timeElapsed":124,"timestamp":"2025-10-29T14:52:34.093Z"}
{"level":"info","message":"⌛ Building environment","timeElapsed":126,"timestamp":"2025-10-29T14:52:34.222Z"}
{"level":"info","message":"⌛ Validating src/gimnasia.wlk","timeElapsed":126,"timestamp":"2025-10-29T14:52:34.350Z"}
{"level":"info","message":"⌛ Building environment","timeElapsed":124,"timestamp":"2025-10-29T14:52:34.662Z"}
{"level":"info","message":"⌛ Validating src/gimnasia.wlk","timeElapsed":112,"timestamp":"2025-10-29T14:52:35.047Z"}
{"level":"info","message":"⌛ Validating src/gimnasia.wlk","timeElapsed":105,"timestamp":"2025-10-29T14:52:35.329Z"}
{"level":"info","message":"⌛ Validating src/gimnasia.wlk","timeElapsed":119,"timestamp":"2025-10-29T14:52:35.481Z"}
{"level":"info","message":"⌛ Building environment","timeElapsed":103,"timestamp":"2025-10-29T14:52:35.678Z"}
{"level":"info","message":"⌛ Validating src/gimnasia.wlk","timeElapsed":116,"timestamp":"2025-10-29T14:52:35.887Z"}
{"level":"info","message":"⌛ Validating src/gimnasia.wlk","timeElapsed":111,"timestamp":"2025-10-29T14:52:36.010Z"}
{"level":"info","message":"⌛ Validating src/gimnasia.wlk","timeElapsed":105,"timestamp":"2025-10-29T14:52:36.116Z"}
{"level":"info","message":"⌛ Building environment","timeElapsed":101,"timestamp":"2025-10-29T14:54:10.964Z"}
{"level":"info","message":"⌛ Validating src/gimnasia.wlk","timeElapsed":105,"timestamp":"2025-10-29T14:54:11.080Z"}
{"level":"info","message":"⌛ Building environment","timeElapsed":112,"timestamp":"2025-10-29T14:54:11.912Z"}
{"level":"info","message":"⌛ Validating src/gimnasia.wlk","timeElapsed":113,"timestamp":"2025-10-29T14:54:12.055Z"}
{"errors":{"errors":[null,[null,[null,[null,"/*\r\n       Idea: mapear las calorias persona.calorias\r\n       */"]]]]},"level":"error","message":"✘ Failed to get type description: Error: {\n  \"errors\": [\n    null,\n    [\n      null,\n      [\n        null,\n        [\n          null,\n          \"/*\\r\\n       Idea: mapear las calorias persona.calorias\\r\\n       */\"\n        ]\n      ]\n    ]\n  ]\n} {\n  \"errors\": [\n    null,\n    [\n      null,\n      [\n        null,\n        [\n          null,\n          \"/*\\r\\n       Idea: mapear las calorias persona.calorias\\r\\n       */\"\n        ]\n      ]\n    ]\n  ]\n}","stack":"Error: {\n  \"errors\": [\n    null,\n    [\n      null,\n      [\n        null,\n        [\n          null,\n          \"/*\\r\\n       Idea: mapear las calorias persona.calorias\\r\\n       */\"\n        ]\n      ]\n    ]\n  ]\n}\n    at aS (c:\\Users\\fidel\\.vscode\\extensions\\uqbar.wollok-lsp-ide-0.5.3\\out\\server\\src\\server.js:64:34609)\n    at K1 (c:\\Users\\fidel\\.vscode\\extensions\\uqbar.wollok-lsp-ide-0.5.3\\out\\server\\src\\server.js:64:34682)\n    at c:\\Users\\fidel\\.vscode\\extensions\\uqbar.wollok-lsp-ide-0.5.3\\out\\server\\src\\server.js:64:37949\n    at o.g1 (c:\\Users\\fidel\\.vscode\\extensions\\uqbar.wollok-lsp-ide-0.5.3\\out\\server\\src\\server.js:57:58803)\n    at i4 (c:\\Users\\fidel\\.vscode\\extensions\\uqbar.wollok-lsp-ide-0.5.3\\out\\server\\src\\server.js:64:37918)\n    at i4 (c:\\Users\\fidel\\.vscode\\extensions\\uqbar.wollok-lsp-ide-0.5.3\\out\\server\\src\\server.js:57:56832)\n    at zbn (c:\\Users\\fidel\\.vscode\\extensions\\uqbar.wollok-lsp-ide-0.5.3\\out\\server\\src\\server.js:68:2842)\n    at c:\\Users\\fidel\\.vscode\\extensions\\uqbar.wollok-lsp-ide-0.5.3\\out\\server\\src\\server.js:68:2432\n    at c:\\Users\\fidel\\.vscode\\extensions\\uqbar.wollok-lsp-ide-0.5.3\\out\\server\\src\\server.js:68:5443\n    at c:\\Users\\fidel\\.vscode\\extensions\\uqbar.wollok-lsp-ide-0.5.3\\out\\server\\src\\server.js:38:6131","timestamp":"2025-10-29T14:54:23.639Z"}
{"level":"info","message":"⌛ Building environment","timeElapsed":287,"timestamp":"2025-10-29T14:57:17.838Z"}
{"level":"info","message":"⌛ Validating src/gimnasia.wlk","timeElapsed":180,"timestamp":"2025-10-29T14:57:18.020Z"}
{"level":"info","message":"⌛ Validating src/gimnasia.wtest","timeElapsed":103,"timestamp":"2025-10-29T14:57:18.124Z"}
