{"level":"info","message":"🧪 Test runner executed on c:\\objetos\\2025c2s2-herencia-rutinas-Gorosito-Lopez-Maria-Fidelia","result":{"errored":1,"failed":0,"ok":0},"testsFailed":[{"error":["wollok.lang.MessageNotUnderstoodException: a Club does not understand verPredios()","  at src.gimnasia.\"Clubes\".\"Prueba\" [src/gimnasia.wtest:304]"],"test":"src.gimnasia.\"Clubes\".\"Prueba\""}],"timeElapsed":463,"timestamp":"2025-10-28T17:53:01.768Z"}
{"level":"info","message":"🧪 Test runner executed on c:\\objetos\\2025c2s2-herencia-rutinas-Gorosito-Lopez-Maria-Fidelia","result":{"errored":0,"failed":0,"ok":1},"testsFailed":[],"timeElapsed":465,"timestamp":"2025-10-28T17:53:14.946Z"}
{"level":"info","message":"⌛ Validating src/gimnasia.wlk","timeElapsed":108,"timestamp":"2025-10-28T17:57:19.581Z"}
{"level":"info","message":"⌛ Validating src/gimnasia.wlk","timeElapsed":103,"timestamp":"2025-10-28T17:57:19.684Z"}
{"level":"error","message":"✘ Failed to rebuild document Failed to parse src/gimnasia.wlk: \n-- PARSING FAILED --------------------------------------------------\n\n  116 |     }\n  117 |     method \n> 118 | }\n      | ^\n\nExpected one of the following: \n\n'!=', '!==', '%', '&&', '*', '**', '+', '-', '->', '..', '..<', '/', '<', '<<', '<<<', '<=', '<=>', '<>', '==', '===', '>', '>..', '>=', '>>', '>>>', '?:', 'and', 'invert', 'negate', 'or', 'plus', '||', identifier, whitespace\n","stack":"Error: Failed to parse src/gimnasia.wlk: \n-- PARSING FAILED --------------------------------------------------\n\n  116 |     }\n  117 |     method \n> 118 | }\n      | ^\n\nExpected one of the following: \n\n'!=', '!==', '%', '&&', '*', '**', '+', '-', '->', '..', '..<', '/', '<', '<<', '<<<', '<=', '<=>', '<>', '==', '===', '>', '>..', '>=', '>>', '>>>', '?:', 'and', 'invert', 'negate', 'or', 'plus', '||', identifier, whitespace\n\n    at c:\\Users\\fidel\\.vscode\\extensions\\uqbar.wollok-lsp-ide-0.5.3\\out\\server\\src\\server.js:2348:13026\n    at Array.map (<anonymous>)\n    at W1n (c:\\Users\\fidel\\.vscode\\extensions\\uqbar.wollok-lsp-ide-0.5.3\\out\\server\\src\\server.js:2348:12950)\n    at U2.buildEnvironmentFrom (c:\\Users\\fidel\\.vscode\\extensions\\uqbar.wollok-lsp-ide-0.5.3\\out\\server\\src\\server.js:2393:5254)\n    at U2.updateEnvironmentWith (c:\\Users\\fidel\\.vscode\\extensions\\uqbar.wollok-lsp-ide-0.5.3\\out\\server\\src\\server.js:2393:4989)\n    at JF (c:\\Users\\fidel\\.vscode\\extensions\\uqbar.wollok-lsp-ide-0.5.3\\out\\server\\src\\server.js:2393:7383)\n    at F3.invoke (c:\\Users\\fidel\\.vscode\\extensions\\uqbar.wollok-lsp-ide-0.5.3\\out\\server\\src\\server.js:3:157334)\n    at o.fire (c:\\Users\\fidel\\.vscode\\extensions\\uqbar.wollok-lsp-ide-0.5.3\\out\\server\\src\\server.js:3:158104)\n    at c:\\Users\\fidel\\.vscode\\extensions\\uqbar.wollok-lsp-ide-0.5.3\\out\\server\\src\\server.js:37:57871\n    at Zr (c:\\Users\\fidel\\.vscode\\extensions\\uqbar.wollok-lsp-ide-0.5.3\\out\\server\\src\\server.js:8:1561)","timestamp":"2025-10-28T17:57:19.710Z"}
{"level":"info","message":"⌛ Validating src/gimnasia.wlk","timeElapsed":109,"timestamp":"2025-10-28T17:57:19.819Z"}
{"level":"info","message":"⌛ Building environment","timeElapsed":105,"timestamp":"2025-10-28T17:57:22.613Z"}
{"level":"info","message":"⌛ Validating src/gimnasia.wlk","timeElapsed":111,"timestamp":"2025-10-28T17:57:22.726Z"}
{"level":"info","message":"⌛ Building environment","timeElapsed":104,"timestamp":"2025-10-28T17:57:22.991Z"}
{"level":"info","message":"⌛ Validating src/gimnasia.wlk","timeElapsed":119,"timestamp":"2025-10-28T17:57:23.111Z"}
{"level":"info","message":"⌛ Building environment","timeElapsed":106,"timestamp":"2025-10-28T17:57:23.324Z"}
{"level":"info","message":"⌛ Building environment","timeElapsed":105,"timestamp":"2025-10-28T17:57:23.461Z"}
{"level":"info","message":"⌛ Validating src/gimnasia.wlk","timeElapsed":120,"timestamp":"2025-10-28T17:57:23.582Z"}
{"level":"info","message":"⌛ Validating src/gimnasia.wlk","timeElapsed":103,"timestamp":"2025-10-28T17:57:23.686Z"}
{"level":"info","message":"⌛ Validating src/gimnasia.wlk","timeElapsed":106,"timestamp":"2025-10-28T17:57:24.115Z"}
{"level":"info","message":"⌛ Validating src/gimnasia.wlk","timeElapsed":107,"timestamp":"2025-10-28T17:57:24.449Z"}
{"level":"info","message":"⌛ Building environment","timeElapsed":114,"timestamp":"2025-10-28T17:57:24.648Z"}
{"level":"info","message":"⌛ Validating src/gimnasia.wlk","timeElapsed":102,"timestamp":"2025-10-28T17:57:24.750Z"}
{"level":"info","message":"⌛ Validating src/gimnasia.wlk","timeElapsed":101,"timestamp":"2025-10-28T17:57:24.851Z"}
{"level":"info","message":"⌛ Validating src/gimnasia.wlk","timeElapsed":104,"timestamp":"2025-10-28T17:57:24.967Z"}
{"level":"info","message":"⌛ Building environment","timeElapsed":135,"timestamp":"2025-10-28T17:57:25.178Z"}
{"level":"info","message":"⌛ Validating src/gimnasia.wlk","timeElapsed":130,"timestamp":"2025-10-28T17:57:25.352Z"}
{"level":"info","message":"⌛ Validating src/gimnasia.wlk","timeElapsed":107,"timestamp":"2025-10-28T17:57:25.878Z"}
{"level":"info","message":"⌛ Validating src/gimnasia.wlk","timeElapsed":115,"timestamp":"2025-10-28T17:57:26.101Z"}
{"level":"info","message":"⌛ Validating src/gimnasia.wlk","timeElapsed":113,"timestamp":"2025-10-28T17:57:26.462Z"}
{"level":"info","message":"⌛ Validating src/gimnasia.wlk","timeElapsed":121,"timestamp":"2025-10-28T17:57:26.781Z"}
{"level":"info","message":"⌛ Validating src/gimnasia.wlk","timeElapsed":110,"timestamp":"2025-10-28T17:57:26.997Z"}
{"level":"info","message":"⌛ Validating src/gimnasia.wlk","timeElapsed":119,"timestamp":"2025-10-28T17:57:27.282Z"}
{"level":"info","message":"⌛ Validating src/gimnasia.wlk","timeElapsed":111,"timestamp":"2025-10-28T17:57:27.487Z"}
{"level":"info","message":"⌛ Validating src/gimnasia.wlk","timeElapsed":102,"timestamp":"2025-10-28T17:57:27.703Z"}
{"level":"info","message":"⌛ Validating src/gimnasia.wlk","timeElapsed":103,"timestamp":"2025-10-28T17:57:28.022Z"}
{"level":"info","message":"⌛ Validating src/gimnasia.wlk","timeElapsed":119,"timestamp":"2025-10-28T17:57:28.455Z"}
{"level":"info","message":"⌛ Validating src/gimnasia.wlk","timeElapsed":111,"timestamp":"2025-10-28T17:57:29.310Z"}
{"level":"error","message":"✘ Completions for node Parameter ([117:36, 117:37] - src/gimnasia.wlk) failed: Error: [Parameter]{e07879} at src/gimnasia.wlk:117 exhausted all cases without a match [Parameter]{e07879} at src/gimnasia.wlk:117 exhausted all cases without a match","stack":"Error: [Parameter]{e07879} at src/gimnasia.wlk:117 exhausted all cases without a match\n    at c:\\Users\\fidel\\.vscode\\extensions\\uqbar.wollok-lsp-ide-0.5.3\\out\\server\\src\\server.js:38:6142\n    at D2 (c:\\Users\\fidel\\.vscode\\extensions\\uqbar.wollok-lsp-ide-0.5.3\\out\\server\\src\\server.js:2384:42)\n    at c:\\Users\\fidel\\.vscode\\extensions\\uqbar.wollok-lsp-ide-0.5.3\\out\\server\\src\\server.js:2384:2988\n    at c:\\Users\\fidel\\.vscode\\extensions\\uqbar.wollok-lsp-ide-0.5.3\\out\\server\\src\\server.js:2393:8440\n    at c:\\Users\\fidel\\.vscode\\extensions\\uqbar.wollok-lsp-ide-0.5.3\\out\\server\\src\\server.js:37:74872\n    at Ye (c:\\Users\\fidel\\.vscode\\extensions\\uqbar.wollok-lsp-ide-0.5.3\\out\\server\\src\\server.js:7:8527)\n    at qt (c:\\Users\\fidel\\.vscode\\extensions\\uqbar.wollok-lsp-ide-0.5.3\\out\\server\\src\\server.js:7:6189)\n    at ot (c:\\Users\\fidel\\.vscode\\extensions\\uqbar.wollok-lsp-ide-0.5.3\\out\\server\\src\\server.js:7:6378)\n    at Immediate._onImmediate (c:\\Users\\fidel\\.vscode\\extensions\\uqbar.wollok-lsp-ide-0.5.3\\out\\server\\src\\server.js:7:6142)\n    at process.processImmediate (node:internal/timers:485:21)","timestamp":"2025-10-28T17:57:29.661Z"}
{"level":"info","message":"⌛ Validating src/gimnasia.wlk","timeElapsed":111,"timestamp":"2025-10-28T17:57:29.774Z"}
{"level":"error","message":"✘ Completions for node Parameter ([117:36, 117:38] - src/gimnasia.wlk) failed: Error: [Parameter]{a992b8} at src/gimnasia.wlk:117 exhausted all cases without a match [Parameter]{a992b8} at src/gimnasia.wlk:117 exhausted all cases without a match","stack":"Error: [Parameter]{a992b8} at src/gimnasia.wlk:117 exhausted all cases without a match\n    at c:\\Users\\fidel\\.vscode\\extensions\\uqbar.wollok-lsp-ide-0.5.3\\out\\server\\src\\server.js:38:6142\n    at D2 (c:\\Users\\fidel\\.vscode\\extensions\\uqbar.wollok-lsp-ide-0.5.3\\out\\server\\src\\server.js:2384:42)\n    at c:\\Users\\fidel\\.vscode\\extensions\\uqbar.wollok-lsp-ide-0.5.3\\out\\server\\src\\server.js:2384:2988\n    at c:\\Users\\fidel\\.vscode\\extensions\\uqbar.wollok-lsp-ide-0.5.3\\out\\server\\src\\server.js:2393:8440\n    at c:\\Users\\fidel\\.vscode\\extensions\\uqbar.wollok-lsp-ide-0.5.3\\out\\server\\src\\server.js:37:74872\n    at Ye (c:\\Users\\fidel\\.vscode\\extensions\\uqbar.wollok-lsp-ide-0.5.3\\out\\server\\src\\server.js:7:8527)\n    at qt (c:\\Users\\fidel\\.vscode\\extensions\\uqbar.wollok-lsp-ide-0.5.3\\out\\server\\src\\server.js:7:6189)\n    at ot (c:\\Users\\fidel\\.vscode\\extensions\\uqbar.wollok-lsp-ide-0.5.3\\out\\server\\src\\server.js:7:6378)\n    at Immediate._onImmediate (c:\\Users\\fidel\\.vscode\\extensions\\uqbar.wollok-lsp-ide-0.5.3\\out\\server\\src\\server.js:7:6142)\n    at process.processImmediate (node:internal/timers:485:21)","timestamp":"2025-10-28T17:57:29.894Z"}
{"level":"info","message":"⌛ Validating src/gimnasia.wlk","timeElapsed":126,"timestamp":"2025-10-28T17:57:30.108Z"}
{"level":"info","message":"⌛ Validating src/gimnasia.wlk","timeElapsed":102,"timestamp":"2025-10-28T17:57:30.214Z"}
{"level":"error","message":"✘ Completions for node Parameter ([117:36, 117:40] - src/gimnasia.wlk) failed: Error: [Parameter]{d8cd12} at src/gimnasia.wlk:117 exhausted all cases without a match [Parameter]{d8cd12} at src/gimnasia.wlk:117 exhausted all cases without a match","stack":"Error: [Parameter]{d8cd12} at src/gimnasia.wlk:117 exhausted all cases without a match\n    at c:\\Users\\fidel\\.vscode\\extensions\\uqbar.wollok-lsp-ide-0.5.3\\out\\server\\src\\server.js:38:6142\n    at D2 (c:\\Users\\fidel\\.vscode\\extensions\\uqbar.wollok-lsp-ide-0.5.3\\out\\server\\src\\server.js:2384:42)\n    at c:\\Users\\fidel\\.vscode\\extensions\\uqbar.wollok-lsp-ide-0.5.3\\out\\server\\src\\server.js:2384:2988\n    at c:\\Users\\fidel\\.vscode\\extensions\\uqbar.wollok-lsp-ide-0.5.3\\out\\server\\src\\server.js:2393:8440\n    at c:\\Users\\fidel\\.vscode\\extensions\\uqbar.wollok-lsp-ide-0.5.3\\out\\server\\src\\server.js:37:74872\n    at Ye (c:\\Users\\fidel\\.vscode\\extensions\\uqbar.wollok-lsp-ide-0.5.3\\out\\server\\src\\server.js:7:8527)\n    at qt (c:\\Users\\fidel\\.vscode\\extensions\\uqbar.wollok-lsp-ide-0.5.3\\out\\server\\src\\server.js:7:6189)\n    at ot (c:\\Users\\fidel\\.vscode\\extensions\\uqbar.wollok-lsp-ide-0.5.3\\out\\server\\src\\server.js:7:6378)\n    at Immediate._onImmediate (c:\\Users\\fidel\\.vscode\\extensions\\uqbar.wollok-lsp-ide-0.5.3\\out\\server\\src\\server.js:7:6142)\n    at process.processImmediate (node:internal/timers:485:21)","timestamp":"2025-10-28T17:57:30.317Z"}
{"level":"info","message":"⌛ Validating src/gimnasia.wlk","timeElapsed":114,"timestamp":"2025-10-28T17:57:30.521Z"}
{"level":"error","message":"✘ Completions for node Parameter ([117:36, 117:42] - src/gimnasia.wlk) failed: Error: [Parameter]{63f49b} at src/gimnasia.wlk:117 exhausted all cases without a match [Parameter]{63f49b} at src/gimnasia.wlk:117 exhausted all cases without a match","stack":"Error: [Parameter]{63f49b} at src/gimnasia.wlk:117 exhausted all cases without a match\n    at c:\\Users\\fidel\\.vscode\\extensions\\uqbar.wollok-lsp-ide-0.5.3\\out\\server\\src\\server.js:38:6142\n    at D2 (c:\\Users\\fidel\\.vscode\\extensions\\uqbar.wollok-lsp-ide-0.5.3\\out\\server\\src\\server.js:2384:42)\n    at c:\\Users\\fidel\\.vscode\\extensions\\uqbar.wollok-lsp-ide-0.5.3\\out\\server\\src\\server.js:2384:2988\n    at c:\\Users\\fidel\\.vscode\\extensions\\uqbar.wollok-lsp-ide-0.5.3\\out\\server\\src\\server.js:2393:8440\n    at c:\\Users\\fidel\\.vscode\\extensions\\uqbar.wollok-lsp-ide-0.5.3\\out\\server\\src\\server.js:37:74872\n    at Ye (c:\\Users\\fidel\\.vscode\\extensions\\uqbar.wollok-lsp-ide-0.5.3\\out\\server\\src\\server.js:7:8527)\n    at qt (c:\\Users\\fidel\\.vscode\\extensions\\uqbar.wollok-lsp-ide-0.5.3\\out\\server\\src\\server.js:7:6189)\n    at ot (c:\\Users\\fidel\\.vscode\\extensions\\uqbar.wollok-lsp-ide-0.5.3\\out\\server\\src\\server.js:7:6378)\n    at Immediate._onImmediate (c:\\Users\\fidel\\.vscode\\extensions\\uqbar.wollok-lsp-ide-0.5.3\\out\\server\\src\\server.js:7:6142)\n    at process.processImmediate (node:internal/timers:485:21)","timestamp":"2025-10-28T17:57:30.724Z"}
{"level":"info","message":"⌛ Validating src/gimnasia.wlk","timeElapsed":111,"timestamp":"2025-10-28T17:57:30.920Z"}
{"level":"info","message":"⌛ Validating src/gimnasia.wlk","timeElapsed":104,"timestamp":"2025-10-28T17:57:31.063Z"}
{"level":"info","message":"⌛ Building environment","timeElapsed":109,"timestamp":"2025-10-28T17:57:31.691Z"}
{"level":"info","message":"⌛ Validating src/gimnasia.wlk","timeElapsed":110,"timestamp":"2025-10-28T17:57:31.896Z"}
{"level":"info","message":"⌛ Validating src/gimnasia.wlk","timeElapsed":186,"timestamp":"2025-10-28T17:57:32.082Z"}
{"level":"info","message":"⌛ Validating src/gimnasia.wlk","timeElapsed":143,"timestamp":"2025-10-28T17:57:53.301Z"}
{"level":"info","message":"⌛ Building environment","timeElapsed":101,"timestamp":"2025-10-28T17:57:53.898Z"}
{"level":"info","message":"⌛ Building environment","timeElapsed":109,"timestamp":"2025-10-28T17:57:54.031Z"}
{"level":"info","message":"⌛ Validating src/gimnasia.wlk","timeElapsed":123,"timestamp":"2025-10-28T17:57:54.154Z"}
{"level":"info","message":"⌛ Validating src/gimnasia.wlk","timeElapsed":115,"timestamp":"2025-10-28T17:57:54.273Z"}
{"level":"info","message":"⌛ Validating src/gimnasia.wlk","timeElapsed":117,"timestamp":"2025-10-28T17:57:54.868Z"}
{"level":"info","message":"⌛ Validating src/gimnasia.wlk","timeElapsed":112,"timestamp":"2025-10-28T17:57:55.596Z"}
{"level":"info","message":"⌛ Validating src/gimnasia.wlk","timeElapsed":122,"timestamp":"2025-10-28T17:57:55.959Z"}
{"level":"info","message":"⌛ Validating src/gimnasia.wlk","timeElapsed":117,"timestamp":"2025-10-28T17:57:56.256Z"}
{"level":"info","message":"⌛ Validating src/gimnasia.wlk","timeElapsed":121,"timestamp":"2025-10-28T17:57:56.378Z"}
{"level":"info","message":"⌛ Building environment","timeElapsed":107,"timestamp":"2025-10-28T17:57:56.614Z"}
{"level":"info","message":"⌛ Validating src/gimnasia.wlk","timeElapsed":106,"timestamp":"2025-10-28T17:57:56.720Z"}
{"level":"info","message":"⌛ Validating src/gimnasia.wlk","timeElapsed":115,"timestamp":"2025-10-28T17:57:56.952Z"}
{"level":"info","message":"⌛ Validating src/gimnasia.wlk","timeElapsed":116,"timestamp":"2025-10-28T17:57:57.153Z"}
{"level":"info","message":"⌛ Validating src/gimnasia.wlk","timeElapsed":101,"timestamp":"2025-10-28T17:57:57.515Z"}
{"level":"info","message":"⌛ Validating src/gimnasia.wlk","timeElapsed":116,"timestamp":"2025-10-28T17:58:00.697Z"}
{"level":"info","message":"⌛ Validating src/gimnasia.wlk","timeElapsed":122,"timestamp":"2025-10-28T17:58:00.900Z"}
{"level":"info","message":"⌛ Building environment","timeElapsed":114,"timestamp":"2025-10-28T17:58:01.018Z"}
{"level":"info","message":"⌛ Building environment","timeElapsed":101,"timestamp":"2025-10-28T17:58:01.132Z"}
{"level":"info","message":"⌛ Validating src/gimnasia.wlk","timeElapsed":110,"timestamp":"2025-10-28T17:58:01.244Z"}
{"level":"info","message":"⌛ Validating src/gimnasia.wlk","timeElapsed":109,"timestamp":"2025-10-28T17:58:01.451Z"}
{"level":"info","message":"⌛ Validating src/gimnasia.wlk","timeElapsed":117,"timestamp":"2025-10-28T17:58:01.650Z"}
{"level":"info","message":"⌛ Validating src/gimnasia.wlk","timeElapsed":123,"timestamp":"2025-10-28T17:58:01.856Z"}
{"level":"info","message":"⌛ Validating src/gimnasia.wlk","timeElapsed":103,"timestamp":"2025-10-28T17:58:01.969Z"}
{"level":"info","message":"⌛ Building environment","timeElapsed":111,"timestamp":"2025-10-28T17:58:02.080Z"}
{"level":"info","message":"⌛ Validating src/gimnasia.wlk","timeElapsed":117,"timestamp":"2025-10-28T17:58:02.202Z"}
{"level":"info","message":"⌛ Building environment","timeElapsed":170,"timestamp":"2025-10-28T17:58:02.374Z"}
{"level":"info","message":"⌛ Building environment","timeElapsed":132,"timestamp":"2025-10-28T17:58:02.625Z"}
{"level":"info","message":"⌛ Validating src/gimnasia.wlk","timeElapsed":116,"timestamp":"2025-10-28T17:58:02.741Z"}
{"level":"info","message":"⌛ Validating src/gimnasia.wlk","timeElapsed":106,"timestamp":"2025-10-28T17:58:02.877Z"}
{"level":"info","message":"⌛ Building environment","timeElapsed":106,"timestamp":"2025-10-28T17:58:03.078Z"}
{"level":"info","message":"⌛ Building environment","timeElapsed":111,"timestamp":"2025-10-28T17:58:03.190Z"}
{"level":"info","message":"⌛ Validating src/gimnasia.wlk","timeElapsed":105,"timestamp":"2025-10-28T17:58:03.295Z"}
{"level":"info","message":"⌛ Validating src/gimnasia.wlk","timeElapsed":110,"timestamp":"2025-10-28T17:58:03.477Z"}
{"level":"info","message":"⌛ Validating src/gimnasia.wlk","timeElapsed":107,"timestamp":"2025-10-28T17:58:03.860Z"}
{"level":"info","message":"⌛ Validating src/gimnasia.wlk","timeElapsed":106,"timestamp":"2025-10-28T17:58:04.043Z"}
{"level":"info","message":"⌛ Validating src/gimnasia.wlk","timeElapsed":123,"timestamp":"2025-10-28T17:58:04.172Z"}
{"level":"info","message":"⌛ Validating src/gimnasia.wlk","timeElapsed":102,"timestamp":"2025-10-28T17:58:04.776Z"}
{"level":"info","message":"⌛ Validating src/gimnasia.wlk","timeElapsed":105,"timestamp":"2025-10-28T17:58:04.953Z"}
{"level":"info","message":"⌛ Validating src/gimnasia.wlk","timeElapsed":103,"timestamp":"2025-10-28T17:58:05.221Z"}
{"level":"info","message":"⌛ Validating src/gimnasia.wlk","timeElapsed":105,"timestamp":"2025-10-28T17:58:05.328Z"}
{"level":"info","message":"⌛ Validating src/gimnasia.wlk","timeElapsed":121,"timestamp":"2025-10-28T17:58:05.548Z"}
{"level":"info","message":"⌛ Building environment","timeElapsed":114,"timestamp":"2025-10-28T17:58:05.744Z"}
{"level":"info","message":"⌛ Validating src/gimnasia.wlk","timeElapsed":111,"timestamp":"2025-10-28T17:58:06.161Z"}
{"level":"error","message":"✘ Completions for node Literal ([111:28, 111:31] - src/gimnasia.wlk) failed: Error: [Literal]{f5569d} at src/gimnasia.wlk:111 exhausted all cases without a match [Literal]{f5569d} at src/gimnasia.wlk:111 exhausted all cases without a match","stack":"Error: [Literal]{f5569d} at src/gimnasia.wlk:111 exhausted all cases without a match\n    at c:\\Users\\fidel\\.vscode\\extensions\\uqbar.wollok-lsp-ide-0.5.3\\out\\server\\src\\server.js:38:6142\n    at D2 (c:\\Users\\fidel\\.vscode\\extensions\\uqbar.wollok-lsp-ide-0.5.3\\out\\server\\src\\server.js:2384:42)\n    at Qh (c:\\Users\\fidel\\.vscode\\extensions\\uqbar.wollok-lsp-ide-0.5.3\\out\\server\\src\\server.js:2384:1092)\n    at k6n (c:\\Users\\fidel\\.vscode\\extensions\\uqbar.wollok-lsp-ide-0.5.3\\out\\server\\src\\server.js:2384:1248)\n    at c:\\Users\\fidel\\.vscode\\extensions\\uqbar.wollok-lsp-ide-0.5.3\\out\\server\\src\\server.js:38:6131\n    at D2 (c:\\Users\\fidel\\.vscode\\extensions\\uqbar.wollok-lsp-ide-0.5.3\\out\\server\\src\\server.js:2384:42)\n    at c:\\Users\\fidel\\.vscode\\extensions\\uqbar.wollok-lsp-ide-0.5.3\\out\\server\\src\\server.js:2384:2988\n    at c:\\Users\\fidel\\.vscode\\extensions\\uqbar.wollok-lsp-ide-0.5.3\\out\\server\\src\\server.js:2393:8440\n    at c:\\Users\\fidel\\.vscode\\extensions\\uqbar.wollok-lsp-ide-0.5.3\\out\\server\\src\\server.js:37:74872\n    at Ye (c:\\Users\\fidel\\.vscode\\extensions\\uqbar.wollok-lsp-ide-0.5.3\\out\\server\\src\\server.js:7:8527)","timestamp":"2025-10-28T17:58:11.587Z"}
{"level":"info","message":"⌛ Validating src/gimnasia.wlk","timeElapsed":116,"timestamp":"2025-10-28T17:58:11.800Z"}
{"level":"info","message":"⌛ Validating src/gimnasia.wlk","timeElapsed":112,"timestamp":"2025-10-28T17:58:12.021Z"}
{"level":"error","message":"✘ Completions for node Literal ([111:28, 111:34] - src/gimnasia.wlk) failed: Error: [Literal]{7d6f68} at src/gimnasia.wlk:111 exhausted all cases without a match [Literal]{7d6f68} at src/gimnasia.wlk:111 exhausted all cases without a match","stack":"Error: [Literal]{7d6f68} at src/gimnasia.wlk:111 exhausted all cases without a match\n    at c:\\Users\\fidel\\.vscode\\extensions\\uqbar.wollok-lsp-ide-0.5.3\\out\\server\\src\\server.js:38:6142\n    at D2 (c:\\Users\\fidel\\.vscode\\extensions\\uqbar.wollok-lsp-ide-0.5.3\\out\\server\\src\\server.js:2384:42)\n    at Qh (c:\\Users\\fidel\\.vscode\\extensions\\uqbar.wollok-lsp-ide-0.5.3\\out\\server\\src\\server.js:2384:1092)\n    at k6n (c:\\Users\\fidel\\.vscode\\extensions\\uqbar.wollok-lsp-ide-0.5.3\\out\\server\\src\\server.js:2384:1248)\n    at c:\\Users\\fidel\\.vscode\\extensions\\uqbar.wollok-lsp-ide-0.5.3\\out\\server\\src\\server.js:38:6131\n    at D2 (c:\\Users\\fidel\\.vscode\\extensions\\uqbar.wollok-lsp-ide-0.5.3\\out\\server\\src\\server.js:2384:42)\n    at c:\\Users\\fidel\\.vscode\\extensions\\uqbar.wollok-lsp-ide-0.5.3\\out\\server\\src\\server.js:2384:2988\n    at c:\\Users\\fidel\\.vscode\\extensions\\uqbar.wollok-lsp-ide-0.5.3\\out\\server\\src\\server.js:2393:8440\n    at c:\\Users\\fidel\\.vscode\\extensions\\uqbar.wollok-lsp-ide-0.5.3\\out\\server\\src\\server.js:37:74872\n    at Ye (c:\\Users\\fidel\\.vscode\\extensions\\uqbar.wollok-lsp-ide-0.5.3\\out\\server\\src\\server.js:7:8527)","timestamp":"2025-10-28T17:58:12.135Z"}
{"level":"info","message":"⌛ Validating src/gimnasia.wlk","timeElapsed":110,"timestamp":"2025-10-28T17:58:12.517Z"}
{"level":"info","message":"⌛ Validating src/gimnasia.wlk","timeElapsed":101,"timestamp":"2025-10-28T17:58:12.622Z"}
{"level":"info","message":"⌛ Building environment","timeElapsed":163,"timestamp":"2025-10-28T17:58:12.791Z"}
{"level":"error","message":"✘ Completions for node Literal ([111:28, 111:37] - src/gimnasia.wlk) failed: Error: [Literal]{250558} at src/gimnasia.wlk:111 exhausted all cases without a match [Literal]{250558} at src/gimnasia.wlk:111 exhausted all cases without a match","stack":"Error: [Literal]{250558} at src/gimnasia.wlk:111 exhausted all cases without a match\n    at c:\\Users\\fidel\\.vscode\\extensions\\uqbar.wollok-lsp-ide-0.5.3\\out\\server\\src\\server.js:38:6142\n    at D2 (c:\\Users\\fidel\\.vscode\\extensions\\uqbar.wollok-lsp-ide-0.5.3\\out\\server\\src\\server.js:2384:42)\n    at Qh (c:\\Users\\fidel\\.vscode\\extensions\\uqbar.wollok-lsp-ide-0.5.3\\out\\server\\src\\server.js:2384:1092)\n    at k6n (c:\\Users\\fidel\\.vscode\\extensions\\uqbar.wollok-lsp-ide-0.5.3\\out\\server\\src\\server.js:2384:1248)\n    at c:\\Users\\fidel\\.vscode\\extensions\\uqbar.wollok-lsp-ide-0.5.3\\out\\server\\src\\server.js:38:6131\n    at D2 (c:\\Users\\fidel\\.vscode\\extensions\\uqbar.wollok-lsp-ide-0.5.3\\out\\server\\src\\server.js:2384:42)\n    at c:\\Users\\fidel\\.vscode\\extensions\\uqbar.wollok-lsp-ide-0.5.3\\out\\server\\src\\server.js:2384:2988\n    at c:\\Users\\fidel\\.vscode\\extensions\\uqbar.wollok-lsp-ide-0.5.3\\out\\server\\src\\server.js:2393:8440\n    at c:\\Users\\fidel\\.vscode\\extensions\\uqbar.wollok-lsp-ide-0.5.3\\out\\server\\src\\server.js:37:74872\n    at Ye (c:\\Users\\fidel\\.vscode\\extensions\\uqbar.wollok-lsp-ide-0.5.3\\out\\server\\src\\server.js:7:8527)","timestamp":"2025-10-28T17:58:12.821Z"}
{"level":"info","message":"⌛ Validating src/gimnasia.wlk","timeElapsed":108,"timestamp":"2025-10-28T17:58:12.930Z"}
{"level":"error","message":"✘ Completions for node Literal ([111:28, 111:39] - src/gimnasia.wlk) failed: Error: [Literal]{afeaa2} at src/gimnasia.wlk:111 exhausted all cases without a match [Literal]{afeaa2} at src/gimnasia.wlk:111 exhausted all cases without a match","stack":"Error: [Literal]{afeaa2} at src/gimnasia.wlk:111 exhausted all cases without a match\n    at c:\\Users\\fidel\\.vscode\\extensions\\uqbar.wollok-lsp-ide-0.5.3\\out\\server\\src\\server.js:38:6142\n    at D2 (c:\\Users\\fidel\\.vscode\\extensions\\uqbar.wollok-lsp-ide-0.5.3\\out\\server\\src\\server.js:2384:42)\n    at Qh (c:\\Users\\fidel\\.vscode\\extensions\\uqbar.wollok-lsp-ide-0.5.3\\out\\server\\src\\server.js:2384:1092)\n    at k6n (c:\\Users\\fidel\\.vscode\\extensions\\uqbar.wollok-lsp-ide-0.5.3\\out\\server\\src\\server.js:2384:1248)\n    at c:\\Users\\fidel\\.vscode\\extensions\\uqbar.wollok-lsp-ide-0.5.3\\out\\server\\src\\server.js:38:6131\n    at D2 (c:\\Users\\fidel\\.vscode\\extensions\\uqbar.wollok-lsp-ide-0.5.3\\out\\server\\src\\server.js:2384:42)\n    at c:\\Users\\fidel\\.vscode\\extensions\\uqbar.wollok-lsp-ide-0.5.3\\out\\server\\src\\server.js:2384:2988\n    at c:\\Users\\fidel\\.vscode\\extensions\\uqbar.wollok-lsp-ide-0.5.3\\out\\server\\src\\server.js:2393:8440\n    at c:\\Users\\fidel\\.vscode\\extensions\\uqbar.wollok-lsp-ide-0.5.3\\out\\server\\src\\server.js:37:74872\n    at Ye (c:\\Users\\fidel\\.vscode\\extensions\\uqbar.wollok-lsp-ide-0.5.3\\out\\server\\src\\server.js:7:8527)","timestamp":"2025-10-28T17:58:15.761Z"}
{"level":"info","message":"⌛ Validating src/gimnasia.wlk","timeElapsed":125,"timestamp":"2025-10-28T17:58:15.886Z"}
{"level":"info","message":"⌛ Validating src/gimnasia.wlk","timeElapsed":126,"timestamp":"2025-10-28T17:58:16.192Z"}
{"level":"error","message":"✘ Completions for node Literal ([111:28, 111:42] - src/gimnasia.wlk) failed: Error: [Literal]{6f6b0e} at src/gimnasia.wlk:111 exhausted all cases without a match [Literal]{6f6b0e} at src/gimnasia.wlk:111 exhausted all cases without a match","stack":"Error: [Literal]{6f6b0e} at src/gimnasia.wlk:111 exhausted all cases without a match\n    at c:\\Users\\fidel\\.vscode\\extensions\\uqbar.wollok-lsp-ide-0.5.3\\out\\server\\src\\server.js:38:6142\n    at D2 (c:\\Users\\fidel\\.vscode\\extensions\\uqbar.wollok-lsp-ide-0.5.3\\out\\server\\src\\server.js:2384:42)\n    at Qh (c:\\Users\\fidel\\.vscode\\extensions\\uqbar.wollok-lsp-ide-0.5.3\\out\\server\\src\\server.js:2384:1092)\n    at k6n (c:\\Users\\fidel\\.vscode\\extensions\\uqbar.wollok-lsp-ide-0.5.3\\out\\server\\src\\server.js:2384:1248)\n    at c:\\Users\\fidel\\.vscode\\extensions\\uqbar.wollok-lsp-ide-0.5.3\\out\\server\\src\\server.js:38:6131\n    at D2 (c:\\Users\\fidel\\.vscode\\extensions\\uqbar.wollok-lsp-ide-0.5.3\\out\\server\\src\\server.js:2384:42)\n    at c:\\Users\\fidel\\.vscode\\extensions\\uqbar.wollok-lsp-ide-0.5.3\\out\\server\\src\\server.js:2384:2988\n    at c:\\Users\\fidel\\.vscode\\extensions\\uqbar.wollok-lsp-ide-0.5.3\\out\\server\\src\\server.js:2393:8440\n    at c:\\Users\\fidel\\.vscode\\extensions\\uqbar.wollok-lsp-ide-0.5.3\\out\\server\\src\\server.js:37:74872\n    at Ye (c:\\Users\\fidel\\.vscode\\extensions\\uqbar.wollok-lsp-ide-0.5.3\\out\\server\\src\\server.js:7:8527)","timestamp":"2025-10-28T17:58:16.322Z"}
{"level":"info","message":"⌛ Validating src/gimnasia.wlk","timeElapsed":115,"timestamp":"2025-10-28T17:58:16.531Z"}
{"level":"info","message":"⌛ Building environment","timeElapsed":124,"timestamp":"2025-10-28T17:58:16.656Z"}
{"level":"info","message":"⌛ Validating src/gimnasia.wlk","timeElapsed":114,"timestamp":"2025-10-28T17:58:16.770Z"}
{"level":"info","message":"⌛ Validating src/gimnasia.wlk","timeElapsed":112,"timestamp":"2025-10-28T17:58:16.882Z"}
{"level":"info","message":"⌛ Validating src/gimnasia.wlk","timeElapsed":110,"timestamp":"2025-10-28T17:58:17.037Z"}
{"level":"info","message":"⌛ Building environment","timeElapsed":111,"timestamp":"2025-10-28T17:58:17.148Z"}
{"level":"error","message":"✘ Completions for node Literal ([111:28, 111:45] - src/gimnasia.wlk) failed: Error: [Literal]{1ed91b} at src/gimnasia.wlk:111 exhausted all cases without a match [Literal]{1ed91b} at src/gimnasia.wlk:111 exhausted all cases without a match","stack":"Error: [Literal]{1ed91b} at src/gimnasia.wlk:111 exhausted all cases without a match\n    at c:\\Users\\fidel\\.vscode\\extensions\\uqbar.wollok-lsp-ide-0.5.3\\out\\server\\src\\server.js:38:6142\n    at D2 (c:\\Users\\fidel\\.vscode\\extensions\\uqbar.wollok-lsp-ide-0.5.3\\out\\server\\src\\server.js:2384:42)\n    at Qh (c:\\Users\\fidel\\.vscode\\extensions\\uqbar.wollok-lsp-ide-0.5.3\\out\\server\\src\\server.js:2384:1092)\n    at k6n (c:\\Users\\fidel\\.vscode\\extensions\\uqbar.wollok-lsp-ide-0.5.3\\out\\server\\src\\server.js:2384:1248)\n    at c:\\Users\\fidel\\.vscode\\extensions\\uqbar.wollok-lsp-ide-0.5.3\\out\\server\\src\\server.js:38:6131\n    at D2 (c:\\Users\\fidel\\.vscode\\extensions\\uqbar.wollok-lsp-ide-0.5.3\\out\\server\\src\\server.js:2384:42)\n    at c:\\Users\\fidel\\.vscode\\extensions\\uqbar.wollok-lsp-ide-0.5.3\\out\\server\\src\\server.js:2384:2988\n    at c:\\Users\\fidel\\.vscode\\extensions\\uqbar.wollok-lsp-ide-0.5.3\\out\\server\\src\\server.js:2393:8440\n    at c:\\Users\\fidel\\.vscode\\extensions\\uqbar.wollok-lsp-ide-0.5.3\\out\\server\\src\\server.js:37:74872\n    at Ye (c:\\Users\\fidel\\.vscode\\extensions\\uqbar.wollok-lsp-ide-0.5.3\\out\\server\\src\\server.js:7:8527)","timestamp":"2025-10-28T17:58:17.172Z"}
{"level":"info","message":"⌛ Validating src/gimnasia.wlk","timeElapsed":104,"timestamp":"2025-10-28T17:58:17.278Z"}
{"level":"info","message":"⌛ Building environment","timeElapsed":105,"timestamp":"2025-10-28T17:58:26.140Z"}
{"level":"info","message":"⌛ Validating src/gimnasia.wlk","timeElapsed":104,"timestamp":"2025-10-28T17:58:26.247Z"}
{"level":"info","message":"⌛ Validating src/gimnasia.wlk","timeElapsed":110,"timestamp":"2025-10-28T17:58:26.476Z"}
{"level":"info","message":"⌛ Validating src/gimnasia.wlk","timeElapsed":104,"timestamp":"2025-10-28T17:58:26.852Z"}
{"level":"info","message":"⌛ Validating src/gimnasia.wlk","timeElapsed":113,"timestamp":"2025-10-28T17:58:27.058Z"}
{"level":"info","message":"⌛ Validating src/gimnasia.wlk","timeElapsed":120,"timestamp":"2025-10-28T17:58:27.304Z"}
{"level":"info","message":"⌛ Building environment","timeElapsed":107,"timestamp":"2025-10-28T17:58:27.412Z"}
{"level":"info","message":"⌛ Validating src/gimnasia.wlk","timeElapsed":109,"timestamp":"2025-10-28T17:58:27.606Z"}
{"level":"info","message":"⌛ Validating src/gimnasia.wlk","timeElapsed":114,"timestamp":"2025-10-28T17:58:28.008Z"}
{"level":"info","message":"⌛ Validating src/gimnasia.wlk","timeElapsed":112,"timestamp":"2025-10-28T17:58:28.121Z"}
{"level":"info","message":"⌛ Building environment","timeElapsed":135,"timestamp":"2025-10-28T17:58:28.456Z"}
{"level":"info","message":"⌛ Validating src/gimnasia.wlk","timeElapsed":102,"timestamp":"2025-10-28T17:58:28.558Z"}
{"level":"info","message":"⌛ Building environment","timeElapsed":122,"timestamp":"2025-10-28T17:58:28.876Z"}
{"level":"info","message":"⌛ Validating src/gimnasia.wlk","timeElapsed":108,"timestamp":"2025-10-28T17:58:28.984Z"}
{"level":"info","message":"⌛ Validating src/gimnasia.wlk","timeElapsed":101,"timestamp":"2025-10-28T17:58:29.170Z"}
{"level":"info","message":"⌛ Validating src/gimnasia.wlk","timeElapsed":109,"timestamp":"2025-10-28T17:58:31.353Z"}
{"level":"info","message":"⌛ Validating src/gimnasia.wlk","timeElapsed":107,"timestamp":"2025-10-28T17:58:34.755Z"}
{"level":"info","message":"⌛ Building environment","timeElapsed":110,"timestamp":"2025-10-28T17:58:35.015Z"}
{"level":"info","message":"⌛ Validating src/gimnasia.wlk","timeElapsed":108,"timestamp":"2025-10-28T17:58:35.127Z"}
{"level":"info","message":"⌛ Validating src/gimnasia.wlk","timeElapsed":114,"timestamp":"2025-10-28T17:58:37.027Z"}
{"level":"info","message":"⌛ Validating src/gimnasia.wlk","timeElapsed":107,"timestamp":"2025-10-28T17:58:37.246Z"}
{"level":"info","message":"⌛ Building environment","timeElapsed":114,"timestamp":"2025-10-28T17:58:47.845Z"}
{"level":"info","message":"⌛ Validating src/gimnasia.wlk","timeElapsed":108,"timestamp":"2025-10-28T17:58:47.954Z"}
{"level":"info","message":"⌛ Building environment","timeElapsed":114,"timestamp":"2025-10-28T17:58:49.741Z"}
{"level":"info","message":"⌛ Validating src/gimnasia.wlk","timeElapsed":119,"timestamp":"2025-10-28T17:58:49.861Z"}
{"level":"info","message":"⌛ Validating src/gimnasia.wlk","timeElapsed":104,"timestamp":"2025-10-28T17:58:53.966Z"}
{"level":"info","message":"⌛ Validating src/gimnasia.wlk","timeElapsed":114,"timestamp":"2025-10-28T17:58:58.209Z"}
{"level":"info","message":"⌛ Building environment","timeElapsed":194,"timestamp":"2025-10-28T17:59:42.535Z"}
{"level":"info","message":"⌛ Validating src/gimnasia.wlk","timeElapsed":122,"timestamp":"2025-10-28T17:59:42.671Z"}
{"level":"info","message":"⌛ Validating src/gimnasia.wtest","timeElapsed":104,"timestamp":"2025-10-28T17:59:42.776Z"}
